#
# There is insufficient memory for the Java Runtime Environment to continue.
# Native memory allocation (malloc) failed to allocate 769296 bytes for Chunk::new
# Possible reasons:
#   The system is out of physical RAM or swap space
#   The process is running with CompressedOops enabled, and the Java Heap may be blocking the growth of the native heap
# Possible solutions:
#   Reduce memory load on the system
#   Increase physical memory or swap space
#   Check if swap backing store is full
#   Decrease Java heap size (-Xmx/-Xms)
#   Decrease number of Java threads
#   Decrease Java thread stack sizes (-Xss)
#   Set larger code cache with -XX:ReservedCodeCacheSize=
#   JVM is running with Unscaled Compressed Oops mode in which the Java heap is
#     placed in the first 4GB address space. The Java Heap base address is the
#     maximum limit for the native heap growth. Please use -XX:HeapBaseMinAddress
#     to set the Java Heap base and to place the Java Heap above 4GB virtual address.
# This output file may be truncated or incomplete.
#
#  Out of Memory Error (t:/workspace/open/src/hotspot/share/memory/arena.cpp:197), pid=2568, tid=22456
#
# JRE version: Java(TM) SE Runtime Environment (11.0.1+13) (build 11.0.1+13-LTS)
# Java VM: Java HotSpot(TM) 64-Bit Server VM (11.0.1+13-LTS, mixed mode, tiered, compressed oops, g1 gc, windows-amd64)
# No core dump will be written. Minidumps are not enabled by default on client versions of Windows
#

---------------  S U M M A R Y ------------

Command Line: -ea -Dfile.encoding=Cp1252 org.testng.remote.RemoteTestNG -serport 63423 -protocol json -d C:\Users\Mohammod I Hossain\eclipse-workspace1\slack\test-output C:\Users\MOHAMM~1\AppData\Local\Temp\testng-eclipse-1159984634\testng-customsuite.xml

Host: Intel(R) Core(TM) i5-7200U CPU @ 2.50GHz, 4 cores, 7G,  Windows 10 , 64 bit Build 18362 (10.0.18362.778)
Time: Tue Jun  2 15:46:37 2020 Eastern Daylight Time elapsed time: 11 seconds (0d 0h 0m 11s)

---------------  T H R E A D  ---------------

Current thread (0x0000011c4d7d7000):  JavaThread "C2 CompilerThread0" daemon [_thread_in_native, id=22456, stack(0x0000000eaba00000,0x0000000eabb00000)]


Current CompileTask:
C2:  11941 1677       4       java.net.URLStreamHandler::parseURL (1201 bytes)

Stack: [0x0000000eaba00000,0x0000000eabb00000]
Native frames: (J=compiled Java code, j=interpreted, Vv=VM code, C=native code)
V  [jvm.dll+0x63c21a]
V  [jvm.dll+0x7797df]
V  [jvm.dll+0x77adca]
V  [jvm.dll+0x77b483]
V  [jvm.dll+0x2627f8]
V  [jvm.dll+0xc5c71]
V  [jvm.dll+0xc61fc]
V  [jvm.dll+0x36f8a7]
V  [jvm.dll+0x1ad7a1]
V  [jvm.dll+0x21c8d2]
V  [jvm.dll+0x21b96a]
V  [jvm.dll+0x198390]
V  [jvm.dll+0x22a97f]
V  [jvm.dll+0x228f98]
V  [jvm.dll+0x73f03d]
V  [jvm.dll+0x63b2b2]
C  [ucrtbase.dll+0x20e82]
C  [KERNEL32.DLL+0x17bd4]
C  [ntdll.dll+0x6ce51]


---------------  P R O C E S S  ---------------

Threads class SMR info:
_java_thread_list=0x0000011c4ecdc930, length=15, elements={
0x0000011c2ccbb000, 0x0000011c4cf9b000, 0x0000011c4d7c8800, 0x0000011c4d82a800,
0x0000011c4d82d800, 0x0000011c4d7d7000, 0x0000011c4d7db000, 0x0000011c4d83a000,
0x0000011c4d990000, 0x0000011c4d991000, 0x0000011c4e306800, 0x0000011c4ec97000,
0x0000011c4e493000, 0x0000011c4eca6800, 0x0000011c4eca7800
}

Java Threads: ( => current thread )
  0x0000011c2ccbb000 JavaThread "main" [_thread_in_native, id=2088, stack(0x0000000eaaf00000,0x0000000eab000000)]
  0x0000011c4cf9b000 JavaThread "Reference Handler" daemon [_thread_blocked, id=17824, stack(0x0000000eab600000,0x0000000eab700000)]
  0x0000011c4d7c8800 JavaThread "Finalizer" daemon [_thread_blocked, id=22936, stack(0x0000000eab700000,0x0000000eab800000)]
  0x0000011c4d82a800 JavaThread "Signal Dispatcher" daemon [_thread_blocked, id=11316, stack(0x0000000eab800000,0x0000000eab900000)]
  0x0000011c4d82d800 JavaThread "Attach Listener" daemon [_thread_blocked, id=8116, stack(0x0000000eab900000,0x0000000eaba00000)]
=>0x0000011c4d7d7000 JavaThread "C2 CompilerThread0" daemon [_thread_in_native, id=22456, stack(0x0000000eaba00000,0x0000000eabb00000)]
  0x0000011c4d7db000 JavaThread "C1 CompilerThread0" daemon [_thread_blocked, id=5592, stack(0x0000000eabb00000,0x0000000eabc00000)]
  0x0000011c4d83a000 JavaThread "Sweeper thread" daemon [_thread_blocked, id=21232, stack(0x0000000eabc00000,0x0000000eabd00000)]
  0x0000011c4d990000 JavaThread "Service Thread" daemon [_thread_blocked, id=11940, stack(0x0000000eabd00000,0x0000000eabe00000)]
  0x0000011c4d991000 JavaThread "Common-Cleaner" daemon [_thread_blocked, id=20292, stack(0x0000000eabf00000,0x0000000eac000000)]
  0x0000011c4e306800 JavaThread "ReaderThread" [_thread_in_native, id=23392, stack(0x0000000eac100000,0x0000000eac200000)]
  0x0000011c4ec97000 JavaThread "Exec Default Executor" daemon [_thread_in_native, id=4764, stack(0x0000000eac600000,0x0000000eac700000)]
  0x0000011c4e493000 JavaThread "UrlChecker-2" daemon [_thread_blocked, id=21464, stack(0x0000000eac700000,0x0000000eac800000)]
  0x0000011c4eca6800 JavaThread "Exec Stream Pumper" daemon [_thread_in_native, id=15604, stack(0x0000000eac800000,0x0000000eac900000)]
  0x0000011c4eca7800 JavaThread "Exec Stream Pumper" daemon [_thread_in_native, id=23400, stack(0x0000000eac900000,0x0000000eaca00000)]

Other Threads:
  0x0000011c4cf97000 VMThread "VM Thread" [stack: 0x0000000eab500000,0x0000000eab600000] [id=8108]
  0x0000011c4d994800 WatcherThread [stack: 0x0000000eabe00000,0x0000000eabf00000] [id=2604]
  0x0000011c2ccd0000 GCTaskThread "GC Thread#0" [stack: 0x0000000eab000000,0x0000000eab100000] [id=13512]
  0x0000011c4e32a000 GCTaskThread "GC Thread#1" [stack: 0x0000000eac200000,0x0000000eac300000] [id=22776]
  0x0000011c4e318000 GCTaskThread "GC Thread#2" [stack: 0x0000000eac300000,0x0000000eac400000] [id=5780]
  0x0000011c4e01e800 GCTaskThread "GC Thread#3" [stack: 0x0000000eac400000,0x0000000eac500000] [id=22988]
  0x0000011c2cd02000 ConcurrentGCThread "G1 Main Marker" [stack: 0x0000000eab100000,0x0000000eab200000] [id=19856]
  0x0000011c2cd05800 ConcurrentGCThread "G1 Conc#0" [stack: 0x0000000eab200000,0x0000000eab300000] [id=14520]
  0x0000011c4cdfe800 ConcurrentGCThread "G1 Refine#0" [stack: 0x0000000eab300000,0x0000000eab400000] [id=19384]
  0x0000011c4ce01000 ConcurrentGCThread "G1 Young RemSet Sampling" [stack: 0x0000000eab400000,0x0000000eab500000] [id=7540]

Threads with active compile tasks:
C2 CompilerThread01677       4       java.net.URLStreamHandler::parseURL (1201 bytes)

VM state:not at safepoint (normal execution)

VM Mutex/Monitor currently owned by a thread: None

Heap address: 0x0000000081800000, size: 2024 MB, Compressed Oops mode: 32-bit
Narrow klass base: 0x0000000000000000, Narrow klass shift: 3
Compressed class space size: 1073741824 Address: 0x0000000100000000

Heap:
 garbage-first heap   total 131072K, used 9543K [0x0000000081800000, 0x0000000100000000)
  region size 1024K, 5 young (5120K), 4 survivors (4096K)
 Metaspace       used 24007K, capacity 24307K, committed 24576K, reserved 1079296K
  class space    used 2625K, capacity 2778K, committed 2816K, reserved 1048576K
Heap Regions: E=young(eden), S=young(survivor), O=old, HS=humongous(starts), HC=humongous(continues), CS=collection set, F=free, A=archive, TAMS=top-at-mark-start (previous, next)
|   0|0x0000000081800000, 0x0000000081900000, 0x0000000081900000|100%|HS|  |TAMS 0x0000000081900000, 0x0000000081800000| Complete 
|   1|0x0000000081900000, 0x0000000081a00000, 0x0000000081a00000|100%| O|  |TAMS 0x0000000081a00000, 0x0000000081900000| Untracked 
|   2|0x0000000081a00000, 0x0000000081b00000, 0x0000000081b00000|100%| O|  |TAMS 0x0000000081b00000, 0x0000000081a00000| Untracked 
|   3|0x0000000081b00000, 0x0000000081c00000, 0x0000000081c00000|100%| O|  |TAMS 0x0000000081c00000, 0x0000000081b00000| Untracked 
|   4|0x0000000081c00000, 0x0000000081d00000, 0x0000000081d00000|100%| O|  |TAMS 0x0000000081d00000, 0x0000000081c00000| Untracked 
|   5|0x0000000081d00000, 0x0000000081dc1000, 0x0000000081e00000| 75%| O|  |TAMS 0x0000000081dc1000, 0x0000000081d00000| Untracked 
|   6|0x0000000081e00000, 0x0000000081e00000, 0x0000000081f00000|  0%| F|  |TAMS 0x0000000081e00000, 0x0000000081e00000| Untracked 
|   7|0x0000000081f00000, 0x0000000081f00000, 0x0000000082000000|  0%| F|  |TAMS 0x0000000081f00000, 0x0000000081f00000| Untracked 
|   8|0x0000000082000000, 0x0000000082000000, 0x0000000082100000|  0%| F|  |TAMS 0x0000000082000000, 0x0000000082000000| Untracked 
|   9|0x0000000082100000, 0x0000000082100000, 0x0000000082200000|  0%| F|  |TAMS 0x0000000082100000, 0x0000000082100000| Untracked 
|  10|0x0000000082200000, 0x0000000082200000, 0x0000000082300000|  0%| F|  |TAMS 0x0000000082200000, 0x0000000082200000| Untracked 
|  11|0x0000000082300000, 0x0000000082300000, 0x0000000082400000|  0%| F|  |TAMS 0x0000000082300000, 0x0000000082300000| Untracked 
|  12|0x0000000082400000, 0x0000000082400000, 0x0000000082500000|  0%| F|  |TAMS 0x0000000082400000, 0x0000000082400000| Untracked 
|  13|0x0000000082500000, 0x0000000082500000, 0x0000000082600000|  0%| F|  |TAMS 0x0000000082500000, 0x0000000082500000| Untracked 
|  14|0x0000000082600000, 0x0000000082600000, 0x0000000082700000|  0%| F|  |TAMS 0x0000000082600000, 0x0000000082600000| Untracked 
|  15|0x0000000082700000, 0x0000000082700000, 0x0000000082800000|  0%| F|  |TAMS 0x0000000082700000, 0x0000000082700000| Untracked 
|  16|0x0000000082800000, 0x0000000082800000, 0x0000000082900000|  0%| F|  |TAMS 0x0000000082800000, 0x0000000082800000| Untracked 
|  17|0x0000000082900000, 0x0000000082900000, 0x0000000082a00000|  0%| F|  |TAMS 0x0000000082900000, 0x0000000082900000| Untracked 
|  18|0x0000000082a00000, 0x0000000082a00000, 0x0000000082b00000|  0%| F|  |TAMS 0x0000000082a00000, 0x0000000082a00000| Untracked 
|  19|0x0000000082b00000, 0x0000000082b00000, 0x0000000082c00000|  0%| F|  |TAMS 0x0000000082b00000, 0x0000000082b00000| Untracked 
|  20|0x0000000082c00000, 0x0000000082c00000, 0x0000000082d00000|  0%| F|  |TAMS 0x0000000082c00000, 0x0000000082c00000| Untracked 
|  21|0x0000000082d00000, 0x0000000082d00000, 0x0000000082e00000|  0%| F|  |TAMS 0x0000000082d00000, 0x0000000082d00000| Untracked 
|  22|0x0000000082e00000, 0x0000000082e00000, 0x0000000082f00000|  0%| F|  |TAMS 0x0000000082e00000, 0x0000000082e00000| Untracked 
|  23|0x0000000082f00000, 0x0000000082f00000, 0x0000000083000000|  0%| F|  |TAMS 0x0000000082f00000, 0x0000000082f00000| Untracked 
|  24|0x0000000083000000, 0x0000000083000000, 0x0000000083100000|  0%| F|  |TAMS 0x0000000083000000, 0x0000000083000000| Untracked 
|  25|0x0000000083100000, 0x0000000083100000, 0x0000000083200000|  0%| F|  |TAMS 0x0000000083100000, 0x0000000083100000| Untracked 
|  26|0x0000000083200000, 0x0000000083200000, 0x0000000083300000|  0%| F|  |TAMS 0x0000000083200000, 0x0000000083200000| Untracked 
|  27|0x0000000083300000, 0x0000000083300000, 0x0000000083400000|  0%| F|  |TAMS 0x0000000083300000, 0x0000000083300000| Untracked 
|  28|0x0000000083400000, 0x0000000083400000, 0x0000000083500000|  0%| F|  |TAMS 0x0000000083400000, 0x0000000083400000| Untracked 
|  29|0x0000000083500000, 0x0000000083500000, 0x0000000083600000|  0%| F|  |TAMS 0x0000000083500000, 0x0000000083500000| Untracked 
|  30|0x0000000083600000, 0x0000000083600000, 0x0000000083700000|  0%| F|  |TAMS 0x0000000083600000, 0x0000000083600000| Untracked 
|  31|0x0000000083700000, 0x0000000083700000, 0x0000000083800000|  0%| F|  |TAMS 0x0000000083700000, 0x0000000083700000| Untracked 
|  32|0x0000000083800000, 0x0000000083800000, 0x0000000083900000|  0%| F|  |TAMS 0x0000000083800000, 0x0000000083800000| Untracked 
|  33|0x0000000083900000, 0x0000000083900000, 0x0000000083a00000|  0%| F|  |TAMS 0x0000000083900000, 0x0000000083900000| Untracked 
|  34|0x0000000083a00000, 0x0000000083a00000, 0x0000000083b00000|  0%| F|  |TAMS 0x0000000083a00000, 0x0000000083a00000| Untracked 
|  35|0x0000000083b00000, 0x0000000083b00000, 0x0000000083c00000|  0%| F|  |TAMS 0x0000000083b00000, 0x0000000083b00000| Untracked 
|  36|0x0000000083c00000, 0x0000000083c00000, 0x0000000083d00000|  0%| F|  |TAMS 0x0000000083c00000, 0x0000000083c00000| Untracked 
|  37|0x0000000083d00000, 0x0000000083d00000, 0x0000000083e00000|  0%| F|  |TAMS 0x0000000083d00000, 0x0000000083d00000| Untracked 
|  38|0x0000000083e00000, 0x0000000083e00000, 0x0000000083f00000|  0%| F|  |TAMS 0x0000000083e00000, 0x0000000083e00000| Untracked 
|  39|0x0000000083f00000, 0x0000000083f00000, 0x0000000084000000|  0%| F|  |TAMS 0x0000000083f00000, 0x0000000083f00000| Untracked 
|  40|0x0000000084000000, 0x0000000084000000, 0x0000000084100000|  0%| F|  |TAMS 0x0000000084000000, 0x0000000084000000| Untracked 
|  41|0x0000000084100000, 0x0000000084100000, 0x0000000084200000|  0%| F|  |TAMS 0x0000000084100000, 0x0000000084100000| Untracked 
|  42|0x0000000084200000, 0x0000000084200000, 0x0000000084300000|  0%| F|  |TAMS 0x0000000084200000, 0x0000000084200000| Untracked 
|  43|0x0000000084300000, 0x0000000084300000, 0x0000000084400000|  0%| F|  |TAMS 0x0000000084300000, 0x0000000084300000| Untracked 
|  44|0x0000000084400000, 0x0000000084400000, 0x0000000084500000|  0%| F|  |TAMS 0x0000000084400000, 0x0000000084400000| Untracked 
|  45|0x0000000084500000, 0x0000000084500000, 0x0000000084600000|  0%| F|  |TAMS 0x0000000084500000, 0x0000000084500000| Untracked 
|  46|0x0000000084600000, 0x0000000084600000, 0x0000000084700000|  0%| F|  |TAMS 0x0000000084600000, 0x0000000084600000| Untracked 
|  47|0x0000000084700000, 0x0000000084700000, 0x0000000084800000|  0%| F|  |TAMS 0x0000000084700000, 0x0000000084700000| Untracked 
|  48|0x0000000084800000, 0x0000000084800000, 0x0000000084900000|  0%| F|  |TAMS 0x0000000084800000, 0x0000000084800000| Untracked 
|  49|0x0000000084900000, 0x0000000084900000, 0x0000000084a00000|  0%| F|  |TAMS 0x0000000084900000, 0x0000000084900000| Untracked 
|  50|0x0000000084a00000, 0x0000000084a00000, 0x0000000084b00000|  0%| F|  |TAMS 0x0000000084a00000, 0x0000000084a00000| Untracked 
|  51|0x0000000084b00000, 0x0000000084b00000, 0x0000000084c00000|  0%| F|  |TAMS 0x0000000084b00000, 0x0000000084b00000| Untracked 
|  52|0x0000000084c00000, 0x0000000084c00000, 0x0000000084d00000|  0%| F|  |TAMS 0x0000000084c00000, 0x0000000084c00000| Untracked 
|  53|0x0000000084d00000, 0x0000000084d00000, 0x0000000084e00000|  0%| F|  |TAMS 0x0000000084d00000, 0x0000000084d00000| Untracked 
|  54|0x0000000084e00000, 0x0000000084e00000, 0x0000000084f00000|  0%| F|  |TAMS 0x0000000084e00000, 0x0000000084e00000| Untracked 
|  55|0x0000000084f00000, 0x0000000084f00000, 0x0000000085000000|  0%| F|  |TAMS 0x0000000084f00000, 0x0000000084f00000| Untracked 
|  56|0x0000000085000000, 0x0000000085000000, 0x0000000085100000|  0%| F|  |TAMS 0x0000000085000000, 0x0000000085000000| Untracked 
|  57|0x0000000085100000, 0x0000000085100000, 0x0000000085200000|  0%| F|  |TAMS 0x0000000085100000, 0x0000000085100000| Untracked 
|  58|0x0000000085200000, 0x0000000085200000, 0x0000000085300000|  0%| F|  |TAMS 0x0000000085200000, 0x0000000085200000| Untracked 
|  59|0x0000000085300000, 0x0000000085300000, 0x0000000085400000|  0%| F|  |TAMS 0x0000000085300000, 0x0000000085300000| Untracked 
|  60|0x0000000085400000, 0x0000000085400000, 0x0000000085500000|  0%| F|  |TAMS 0x0000000085400000, 0x0000000085400000| Untracked 
|  61|0x0000000085500000, 0x0000000085500000, 0x0000000085600000|  0%| F|  |TAMS 0x0000000085500000, 0x0000000085500000| Untracked 
|  62|0x0000000085600000, 0x0000000085600000, 0x0000000085700000|  0%| F|  |TAMS 0x0000000085600000, 0x0000000085600000| Untracked 
|  63|0x0000000085700000, 0x0000000085700000, 0x0000000085800000|  0%| F|  |TAMS 0x0000000085700000, 0x0000000085700000| Untracked 
|  64|0x0000000085800000, 0x0000000085800000, 0x0000000085900000|  0%| F|  |TAMS 0x0000000085800000, 0x0000000085800000| Untracked 
|  65|0x0000000085900000, 0x0000000085900000, 0x0000000085a00000|  0%| F|  |TAMS 0x0000000085900000, 0x0000000085900000| Untracked 
|  66|0x0000000085a00000, 0x0000000085a00000, 0x0000000085b00000|  0%| F|  |TAMS 0x0000000085a00000, 0x0000000085a00000| Untracked 
|  67|0x0000000085b00000, 0x0000000085b00000, 0x0000000085c00000|  0%| F|  |TAMS 0x0000000085b00000, 0x0000000085b00000| Untracked 
|  68|0x0000000085c00000, 0x0000000085c00000, 0x0000000085d00000|  0%| F|  |TAMS 0x0000000085c00000, 0x0000000085c00000| Untracked 
|  69|0x0000000085d00000, 0x0000000085d00000, 0x0000000085e00000|  0%| F|  |TAMS 0x0000000085d00000, 0x0000000085d00000| Untracked 
|  70|0x0000000085e00000, 0x0000000085e00000, 0x0000000085f00000|  0%| F|  |TAMS 0x0000000085e00000, 0x0000000085e00000| Untracked 
|  71|0x0000000085f00000, 0x0000000085f00000, 0x0000000086000000|  0%| F|  |TAMS 0x0000000085f00000, 0x0000000085f00000| Untracked 
|  72|0x0000000086000000, 0x0000000086000000, 0x0000000086100000|  0%| F|  |TAMS 0x0000000086000000, 0x0000000086000000| Untracked 
|  73|0x0000000086100000, 0x0000000086100000, 0x0000000086200000|  0%| F|  |TAMS 0x0000000086100000, 0x0000000086100000| Untracked 
|  74|0x0000000086200000, 0x0000000086200000, 0x0000000086300000|  0%| F|  |TAMS 0x0000000086200000, 0x0000000086200000| Untracked 
|  75|0x0000000086300000, 0x0000000086300000, 0x0000000086400000|  0%| F|  |TAMS 0x0000000086300000, 0x0000000086300000| Untracked 
|  76|0x0000000086400000, 0x0000000086400000, 0x0000000086500000|  0%| F|  |TAMS 0x0000000086400000, 0x0000000086400000| Untracked 
|  77|0x0000000086500000, 0x0000000086500000, 0x0000000086600000|  0%| F|  |TAMS 0x0000000086500000, 0x0000000086500000| Untracked 
|  78|0x0000000086600000, 0x0000000086600000, 0x0000000086700000|  0%| F|  |TAMS 0x0000000086600000, 0x0000000086600000| Untracked 
|  79|0x0000000086700000, 0x0000000086700000, 0x0000000086800000|  0%| F|  |TAMS 0x0000000086700000, 0x0000000086700000| Untracked 
|  80|0x0000000086800000, 0x0000000086800000, 0x0000000086900000|  0%| F|  |TAMS 0x0000000086800000, 0x0000000086800000| Untracked 
|  81|0x0000000086900000, 0x0000000086900000, 0x0000000086a00000|  0%| F|  |TAMS 0x0000000086900000, 0x0000000086900000| Untracked 
|  82|0x0000000086a00000, 0x0000000086a00000, 0x0000000086b00000|  0%| F|  |TAMS 0x0000000086a00000, 0x0000000086a00000| Untracked 
|  83|0x0000000086b00000, 0x0000000086b00000, 0x0000000086c00000|  0%| F|  |TAMS 0x0000000086b00000, 0x0000000086b00000| Untracked 
|  84|0x0000000086c00000, 0x0000000086c00000, 0x0000000086d00000|  0%| F|  |TAMS 0x0000000086c00000, 0x0000000086c00000| Untracked 
|  85|0x0000000086d00000, 0x0000000086d00000, 0x0000000086e00000|  0%| F|  |TAMS 0x0000000086d00000, 0x0000000086d00000| Untracked 
|  86|0x0000000086e00000, 0x0000000086e00000, 0x0000000086f00000|  0%| F|  |TAMS 0x0000000086e00000, 0x0000000086e00000| Untracked 
|  87|0x0000000086f00000, 0x0000000086f00000, 0x0000000087000000|  0%| F|  |TAMS 0x0000000086f00000, 0x0000000086f00000| Untracked 
|  88|0x0000000087000000, 0x0000000087000000, 0x0000000087100000|  0%| F|  |TAMS 0x0000000087000000, 0x0000000087000000| Untracked 
|  89|0x0000000087100000, 0x0000000087100000, 0x0000000087200000|  0%| F|  |TAMS 0x0000000087100000, 0x0000000087100000| Untracked 
|  90|0x0000000087200000, 0x0000000087200000, 0x0000000087300000|  0%| F|  |TAMS 0x0000000087200000, 0x0000000087200000| Untracked 
|  91|0x0000000087300000, 0x0000000087300000, 0x0000000087400000|  0%| F|  |TAMS 0x0000000087300000, 0x0000000087300000| Untracked 
|  92|0x0000000087400000, 0x0000000087400000, 0x0000000087500000|  0%| F|  |TAMS 0x0000000087400000, 0x0000000087400000| Untracked 
|  93|0x0000000087500000, 0x0000000087500000, 0x0000000087600000|  0%| F|  |TAMS 0x0000000087500000, 0x0000000087500000| Untracked 
|  94|0x0000000087600000, 0x0000000087600000, 0x0000000087700000|  0%| F|  |TAMS 0x0000000087600000, 0x0000000087600000| Untracked 
|  95|0x0000000087700000, 0x0000000087700000, 0x0000000087800000|  0%| F|  |TAMS 0x0000000087700000, 0x0000000087700000| Untracked 
|  96|0x0000000087800000, 0x0000000087800000, 0x0000000087900000|  0%| F|  |TAMS 0x0000000087800000, 0x0000000087800000| Untracked 
|  97|0x0000000087900000, 0x0000000087900000, 0x0000000087a00000|  0%| F|  |TAMS 0x0000000087900000, 0x0000000087900000| Untracked 
|  98|0x0000000087a00000, 0x0000000087a00000, 0x0000000087b00000|  0%| F|  |TAMS 0x0000000087a00000, 0x0000000087a00000| Untracked 
|  99|0x0000000087b00000, 0x0000000087b00000, 0x0000000087c00000|  0%| F|  |TAMS 0x0000000087b00000, 0x0000000087b00000| Untracked 
| 100|0x0000000087c00000, 0x0000000087c00000, 0x0000000087d00000|  0%| F|  |TAMS 0x0000000087c00000, 0x0000000087c00000| Untracked 
| 101|0x0000000087d00000, 0x0000000087d00000, 0x0000000087e00000|  0%| F|  |TAMS 0x0000000087d00000, 0x0000000087d00000| Untracked 
| 102|0x0000000087e00000, 0x0000000087e00000, 0x0000000087f00000|  0%| F|  |TAMS 0x0000000087e00000, 0x0000000087e00000| Untracked 
| 103|0x0000000087f00000, 0x0000000087f00000, 0x0000000088000000|  0%| F|  |TAMS 0x0000000087f00000, 0x0000000087f00000| Untracked 
| 104|0x0000000088000000, 0x0000000088000000, 0x0000000088100000|  0%| F|  |TAMS 0x0000000088000000, 0x0000000088000000| Untracked 
| 105|0x0000000088100000, 0x0000000088100000, 0x0000000088200000|  0%| F|  |TAMS 0x0000000088100000, 0x0000000088100000| Untracked 
| 106|0x0000000088200000, 0x0000000088200000, 0x0000000088300000|  0%| F|  |TAMS 0x0000000088200000, 0x0000000088200000| Untracked 
| 107|0x0000000088300000, 0x0000000088300000, 0x0000000088400000|  0%| F|  |TAMS 0x0000000088300000, 0x0000000088300000| Untracked 
| 108|0x0000000088400000, 0x0000000088400000, 0x0000000088500000|  0%| F|  |TAMS 0x0000000088400000, 0x0000000088400000| Untracked 
| 109|0x0000000088500000, 0x0000000088500000, 0x0000000088600000|  0%| F|  |TAMS 0x0000000088500000, 0x0000000088500000| Untracked 
| 110|0x0000000088600000, 0x0000000088600000, 0x0000000088700000|  0%| F|  |TAMS 0x0000000088600000, 0x0000000088600000| Untracked 
| 111|0x0000000088700000, 0x0000000088700000, 0x0000000088800000|  0%| F|  |TAMS 0x0000000088700000, 0x0000000088700000| Untracked 
| 112|0x0000000088800000, 0x0000000088800000, 0x0000000088900000|  0%| F|  |TAMS 0x0000000088800000, 0x0000000088800000| Untracked 
| 113|0x0000000088900000, 0x0000000088900000, 0x0000000088a00000|  0%| F|  |TAMS 0x0000000088900000, 0x0000000088900000| Untracked 
| 114|0x0000000088a00000, 0x0000000088a00000, 0x0000000088b00000|  0%| F|  |TAMS 0x0000000088a00000, 0x0000000088a00000| Untracked 
| 115|0x0000000088b00000, 0x0000000088b90f38, 0x0000000088c00000| 56%| S|CS|TAMS 0x0000000088b00000, 0x0000000088b00000| Complete 
| 116|0x0000000088c00000, 0x0000000088d00000, 0x0000000088d00000|100%| S|CS|TAMS 0x0000000088c00000, 0x0000000088c00000| Complete 
| 117|0x0000000088d00000, 0x0000000088e00000, 0x0000000088e00000|100%| S|CS|TAMS 0x0000000088d00000, 0x0000000088d00000| Complete 
| 118|0x0000000088e00000, 0x0000000088f00000, 0x0000000088f00000|100%| S|CS|TAMS 0x0000000088e00000, 0x0000000088e00000| Complete 
| 119|0x0000000088f00000, 0x0000000088f00000, 0x0000000089000000|  0%| F|  |TAMS 0x0000000088f00000, 0x0000000088f00000| Untracked 
| 120|0x0000000089000000, 0x0000000089000000, 0x0000000089100000|  0%| F|  |TAMS 0x0000000089000000, 0x0000000089000000| Untracked 
| 121|0x0000000089100000, 0x0000000089100000, 0x0000000089200000|  0%| F|  |TAMS 0x0000000089100000, 0x0000000089100000| Untracked 
| 122|0x0000000089200000, 0x0000000089200000, 0x0000000089300000|  0%| F|  |TAMS 0x0000000089200000, 0x0000000089200000| Untracked 
| 123|0x0000000089300000, 0x0000000089300000, 0x0000000089400000|  0%| F|  |TAMS 0x0000000089300000, 0x0000000089300000| Untracked 
| 124|0x0000000089400000, 0x0000000089400000, 0x0000000089500000|  0%| F|  |TAMS 0x0000000089400000, 0x0000000089400000| Untracked 
| 125|0x0000000089500000, 0x0000000089500000, 0x0000000089600000|  0%| F|  |TAMS 0x0000000089500000, 0x0000000089500000| Untracked 
| 126|0x0000000089600000, 0x0000000089600000, 0x0000000089700000|  0%| F|  |TAMS 0x0000000089600000, 0x0000000089600000| Untracked 
| 127|0x0000000089700000, 0x0000000089780000, 0x0000000089800000| 50%| E|  |TAMS 0x0000000089700000, 0x0000000089700000| Complete 

Card table byte_map: [0x0000011c461f0000,0x0000011c465f0000] _byte_map_base: 0x0000011c45de4000

Marking Bits (Prev, Next): (CMBitMap*) 0x0000011c2ccf9828, (CMBitMap*) 0x0000011c2ccf9860
 Prev Bits: [0x0000011c469f0000, 0x0000011c48990000)
 Next Bits: [0x0000011c48990000, 0x0000011c4a930000)

Polling page: 0x0000011c2cab0000

Metaspace:

Usage:
  Non-class:     21.02 MB capacity,    20.88 MB (>99%) used,   108.47 KB ( <1%) free+waste,    38.69 KB ( <1%) overhead. 
      Class:      2.71 MB capacity,     2.56 MB ( 95%) used,   135.46 KB (  5%) free+waste,    17.19 KB ( <1%) overhead. 
       Both:     23.74 MB capacity,    23.44 MB ( 99%) used,   243.93 KB (  1%) free+waste,    55.88 KB ( <1%) overhead. 

Virtual space:
  Non-class space:       30.00 MB reserved,      21.25 MB ( 71%) committed 
      Class space:        1.00 GB reserved,       2.75 MB ( <1%) committed 
             Both:        1.03 GB reserved,      24.00 MB (  2%) committed 

Chunk freelists:
   Non-Class:  4.88 KB
       Class:  768 bytes
        Both:  5.63 KB

CodeHeap 'non-profiled nmethods': size=120064Kb used=595Kb max_used=595Kb free=119468Kb
 bounds [0x0000011c3e280000, 0x0000011c3e4f0000, 0x0000011c457c0000]
CodeHeap 'profiled nmethods': size=120000Kb used=3314Kb max_used=3314Kb free=116685Kb
 bounds [0x0000011c36d50000, 0x0000011c37090000, 0x0000011c3e280000]
CodeHeap 'non-nmethods': size=5696Kb used=1140Kb max_used=1151Kb free=4555Kb
 bounds [0x0000011c367c0000, 0x0000011c36a30000, 0x0000011c36d50000]
 total_blobs=2614 nmethods=1653 adapters=377
 compilation: enabled
              stopped_count=0, restarted_count=0
 full_count=0

Compilation events (10 events):
Event: 11.907 Thread 0x0000011c4d7db000 1770       3       com.sun.org.apache.xerces.internal.impl.XMLEntityScanner::peekChar (63 bytes)
Event: 11.907 Thread 0x0000011c4d7db000 nmethod 1770 0x0000011c37082390 code [0x0000011c37082560, 0x0000011c37082850]
Event: 11.907 Thread 0x0000011c4d7db000 1774       3       com.sun.org.apache.xerces.internal.impl.io.UTF8Reader::read (1443 bytes)
Event: 11.911 Thread 0x0000011c4d7db000 nmethod 1774 0x0000011c37082990 code [0x0000011c37082e20, 0x0000011c37085ba0]
Event: 11.911 Thread 0x0000011c4d7db000 1775       3       java.util.TreeMap::fixAfterInsertion (267 bytes)
Event: 11.914 Thread 0x0000011c4d7db000 nmethod 1775 0x0000011c37086f10 code [0x0000011c370873e0, 0x0000011c37089b00]
Event: 11.914 Thread 0x0000011c4d7db000 1772       3       com.sun.org.apache.xerces.internal.impl.XMLEntityScanner::scanChar (236 bytes)
Event: 11.914 Thread 0x0000011c4d7db000 nmethod 1772 0x0000011c3708a710 code [0x0000011c3708a920, 0x0000011c3708af00]
Event: 11.915 Thread 0x0000011c4d7db000 1773       3       java.net.URI::toASCIIString (8 bytes)
Event: 11.915 Thread 0x0000011c4d7db000 nmethod 1773 0x0000011c3708b190 code [0x0000011c3708b360, 0x0000011c3708b5c0]

GC Heap History (6 events):
Event: 0.931 GC heap before
{Heap before GC invocations=0 (full 0):
 garbage-first heap   total 131072K, used 14336K [0x0000000081800000, 0x0000000100000000)
  region size 1024K, 14 young (14336K), 0 survivors (0K)
 Metaspace       used 11857K, capacity 12044K, committed 12288K, reserved 1060864K
  class space    used 1153K, capacity 1207K, committed 1280K, reserved 1048576K
}
Event: 0.936 GC heap after
{Heap after GC invocations=1 (full 0):
 garbage-first heap   total 131072K, used 5215K [0x0000000081800000, 0x0000000100000000)
  region size 1024K, 2 young (2048K), 2 survivors (2048K)
 Metaspace       used 11857K, capacity 12044K, committed 12288K, reserved 1060864K
  class space    used 1153K, capacity 1207K, committed 1280K, reserved 1048576K
}
Event: 1.434 GC heap before
{Heap before GC invocations=1 (full 0):
 garbage-first heap   total 131072K, used 15455K [0x0000000081800000, 0x0000000100000000)
  region size 1024K, 12 young (12288K), 2 survivors (2048K)
 Metaspace       used 15102K, capacity 15452K, committed 15616K, reserved 1062912K
  class space    used 1586K, capacity 1732K, committed 1792K, reserved 1048576K
}
Event: 1.441 GC heap after
{Heap after GC invocations=2 (full 0):
 garbage-first heap   total 131072K, used 5975K [0x0000000081800000, 0x0000000100000000)
  region size 1024K, 1 young (1024K), 1 survivors (1024K)
 Metaspace       used 15102K, capacity 15452K, committed 15616K, reserved 1062912K
  class space    used 1586K, capacity 1732K, committed 1792K, reserved 1048576K
}
Event: 10.616 GC heap before
{Heap before GC invocations=2 (full 0):
 garbage-first heap   total 131072K, used 27479K [0x0000000081800000, 0x0000000100000000)
  region size 1024K, 23 young (23552K), 1 survivors (1024K)
 Metaspace       used 20918K, capacity 21214K, committed 21296K, reserved 1069056K
  class space    used 2309K, capacity 2412K, committed 2432K, reserved 1048576K
}
Event: 10.622 GC heap after
{Heap after GC invocations=3 (full 0):
 garbage-first heap   total 131072K, used 8240K [0x0000000081800000, 0x0000000100000000)
  region size 1024K, 3 young (3072K), 3 survivors (3072K)
 Metaspace       used 20918K, capacity 21214K, committed 21296K, reserved 1069056K
  class space    used 2309K, capacity 2412K, committed 2432K, reserved 1048576K
}

Deoptimization events (10 events):
Event: 11.737 Thread 0x0000011c2ccbb000 Uncommon trap: reason=unstable_if action=reinterpret pc=0x0000011c3e2e40cc method=java.io.ByteArrayInputStream.read([BII)I @ 35 c2
Event: 11.741 Thread 0x0000011c2ccbb000 Uncommon trap: reason=class_check action=maybe_recompile pc=0x0000011c3e30a884 method=java.util.regex.Matcher.search(I)Z @ 121 c2
Event: 11.741 Thread 0x0000011c2ccbb000 Uncommon trap: reason=class_check action=maybe_recompile pc=0x0000011c3e30a884 method=java.util.regex.Matcher.search(I)Z @ 121 c2
Event: 11.742 Thread 0x0000011c2ccbb000 Uncommon trap: reason=class_check action=maybe_recompile pc=0x0000011c3e30a884 method=java.util.regex.Matcher.search(I)Z @ 121 c2
Event: 11.742 Thread 0x0000011c2ccbb000 Uncommon trap: reason=class_check action=maybe_recompile pc=0x0000011c3e30a884 method=java.util.regex.Matcher.search(I)Z @ 121 c2
Event: 11.891 Thread 0x0000011c2ccbb000 Uncommon trap: reason=unstable_if action=reinterpret pc=0x0000011c3e289af8 method=java.lang.StringLatin1.canEncode(I)Z @ 4 c2
Event: 11.891 Thread 0x0000011c2ccbb000 Uncommon trap: reason=unstable_if action=reinterpret pc=0x0000011c3e28bf88 method=java.lang.AbstractStringBuilder.isLatin1()Z @ 10 c2
Event: 11.895 Thread 0x0000011c2ccbb000 Uncommon trap: reason=unstable_if action=reinterpret pc=0x0000011c3e2d10c0 method=java.lang.CharacterDataLatin1.digit(II)I @ 7 c2
Event: 11.895 Thread 0x0000011c2ccbb000 Uncommon trap: reason=unstable_if action=reinterpret pc=0x0000011c3e2d0a38 method=java.lang.CharacterDataLatin1.digit(II)I @ 7 c2
Event: 11.895 Thread 0x0000011c2ccbb000 Uncommon trap: reason=unstable_if action=reinterpret pc=0x0000011c3e2876d4 method=java.lang.StringLatin1.canEncode(I)Z @ 4 c2

Classes redefined (0 events):
No events

Internal exceptions (10 events):
Event: 1.740 Thread 0x0000011c4ec97000 Exception <a 'java/lang/NoSuchMethodError'{0x0000000088a92798}: java.lang.invoke.DirectMethodHandle$Holder.invokeStatic(Ljava/lang/Object;J)V> (0x0000000088a92798) thrown at [t:/workspace/open/src/hotspot/share/interpreter/linkResolver.cpp, line 772]
Event: 1.741 Thread 0x0000011c4ec97000 Exception <a 'java/lang/NoSuchMethodError'{0x0000000088a976f8}: java.lang.invoke.DirectMethodHandle$Holder.invokeStatic(Ljava/lang/Object;J)Ljava/lang/Object;> (0x0000000088a976f8) thrown at [t:/workspace/open/src/hotspot/share/interpreter/linkResolver.cp
Event: 1.745 Thread 0x0000011c4ec97000 Exception <a 'java/lang/NoSuchMethodError'{0x0000000088aa5850}: java.lang.invoke.DirectMethodHandle$Holder.invokeStaticInit(Ljava/lang/Object;Ljava/lang/Object;JLjava/lang/Object;)Ljava/lang/Object;> (0x0000000088aa5850) thrown at [t:/workspace/open/src/h
Event: 1.745 Thread 0x0000011c4ec97000 Exception <a 'java/lang/NoSuchMethodError'{0x0000000088aab490}: java.lang.invoke.DirectMethodHandle$Holder.invokeStatic(Ljava/lang/Object;Ljava/lang/Object;J)Ljava/lang/Object;> (0x0000000088aab490) thrown at [t:/workspace/open/src/hotspot/share/interpret
Event: 1.746 Thread 0x0000011c4ec97000 Exception <a 'java/lang/NoSuchMethodError'{0x0000000088adfb60}: java.lang.invoke.Invokers$Holder.linkToTargetMethod(Ljava/lang/Object;JLjava/lang/Object;)Ljava/lang/Object;> (0x0000000088adfb60) thrown at [t:/workspace/open/src/hotspot/share/interpreter/l
Event: 2.244 Thread 0x0000011c4e493000 Exception <a 'java/net/SocketTimeoutException'{0x0000000088abea88}: connect timed out> (0x0000000088abea88) thrown at [t:/workspace/open/src/hotspot/share/prims/jni.cpp, line 636]
Event: 5.584 Thread 0x0000011c2ccbb000 Exception <a 'java/net/SocketTimeoutException'{0x0000000088373080}: Read timed out> (0x0000000088373080) thrown at [t:/workspace/open/src/hotspot/share/prims/jni.cpp, line 636]
Event: 7.372 Thread 0x0000011c2ccbb000 Exception <a 'java/net/SocketTimeoutException'{0x00000000883c1d10}: Read timed out> (0x00000000883c1d10) thrown at [t:/workspace/open/src/hotspot/share/prims/jni.cpp, line 636]
Event: 10.201 Thread 0x0000011c2ccbb000 Exception <a 'java/net/SocketTimeoutException'{0x00000000883d0df0}: Read timed out> (0x00000000883d0df0) thrown at [t:/workspace/open/src/hotspot/share/prims/jni.cpp, line 636]
Event: 11.730 Thread 0x0000011c2ccbb000 Exception <a 'java/lang/NoSuchMethodError'{0x00000000893e8b78}: java.lang.invoke.DirectMethodHandle$Holder.invokeStaticInit(Ljava/lang/Object;Ljava/lang/Object;Ljava/lang/Object;)Ljava/lang/Object;> (0x00000000893e8b78) thrown at [t:/workspace/open/src/ho

Events (10 events):
Event: 11.895 Thread 0x0000011c2ccbb000 DEOPT UNPACKING pc=0x0000011c367e8f2f sp=0x0000000eaaffd010 mode 2
Event: 11.895 Thread 0x0000011c2ccbb000 Uncommon trap: trap_request=0xffffff4d fr.pc=0x0000011c3e2876d4 relative=0x0000000000000034
Event: 11.895 Thread 0x0000011c2ccbb000 DEOPT PACKING pc=0x0000011c3e2876d4 sp=0x0000000eaaffd220
Event: 11.895 Thread 0x0000011c2ccbb000 DEOPT UNPACKING pc=0x0000011c367e8f2f sp=0x0000000eaaffd1b0 mode 2
Event: 11.900 loading class org/apache/poi/openxml4j/opc/TargetMode
Event: 11.900 loading class org/apache/poi/openxml4j/opc/TargetMode done
Event: 11.901 loading class org/apache/poi/openxml4j/opc/PackageRelationship
Event: 11.901 loading class org/apache/poi/openxml4j/opc/PackageRelationship done
Event: 11.908 loading class org/apache/xmlbeans/impl/common/SystemCache
Event: 11.908 loading class org/apache/xmlbeans/impl/common/SystemCache done


Dynamic libraries:
0x00007ff707ca0000 - 0x00007ff707ce7000 	C:\Program Files\Java\bin\javaw.exe
0x00007fffee5e0000 - 0x00007fffee7d0000 	C:\WINDOWS\SYSTEM32\ntdll.dll
0x00007fffec7f0000 - 0x00007fffec8a2000 	C:\WINDOWS\System32\KERNEL32.DLL
0x00007fffec260000 - 0x00007fffec504000 	C:\WINDOWS\System32\KERNELBASE.dll
0x00007fffedb60000 - 0x00007fffedc03000 	C:\WINDOWS\System32\ADVAPI32.dll
0x00007fffed130000 - 0x00007fffed1ce000 	C:\WINDOWS\System32\msvcrt.dll
0x00007fffeccd0000 - 0x00007fffecd67000 	C:\WINDOWS\System32\sechost.dll
0x00007fffed430000 - 0x00007fffed550000 	C:\WINDOWS\System32\RPCRT4.dll
0x00007fffed9c0000 - 0x00007fffedb54000 	C:\WINDOWS\System32\USER32.dll
0x00007fffec510000 - 0x00007fffec531000 	C:\WINDOWS\System32\win32u.dll
0x00007fffed250000 - 0x00007fffed276000 	C:\WINDOWS\System32\GDI32.dll
0x00007fffeb6a0000 - 0x00007fffeb834000 	C:\WINDOWS\System32\gdi32full.dll
0x00007fffec140000 - 0x00007fffec1de000 	C:\WINDOWS\System32\msvcp_win.dll
0x00007fffebfc0000 - 0x00007fffec0ba000 	C:\WINDOWS\System32\ucrtbase.dll
0x00007fffe3170000 - 0x00007fffe33f4000 	C:\WINDOWS\WinSxS\amd64_microsoft.windows.common-controls_6595b64144ccf1df_6.0.18362.836_none_e6c4b943130f18ed\COMCTL32.dll
0x00007fffe2310000 - 0x00007fffe231a000 	C:\WINDOWS\SYSTEM32\VERSION.dll
0x00007fffec990000 - 0x00007fffeccc6000 	C:\WINDOWS\System32\combase.dll
0x00007fffec0c0000 - 0x00007fffec140000 	C:\WINDOWS\System32\bcryptPrimitives.dll
0x00007fffee3c0000 - 0x00007fffee3ee000 	C:\WINDOWS\System32\IMM32.DLL
0x00007fffe8020000 - 0x00007fffe8036000 	C:\Program Files\Java\bin\vcruntime140.dll
0x00007fffb44c0000 - 0x00007fffb456a000 	C:\Program Files\Java\bin\msvcp140.dll
0x00007fffa0b10000 - 0x00007fffa1652000 	C:\Program Files\Java\bin\server\jvm.dll
0x00007fffec980000 - 0x00007fffec988000 	C:\WINDOWS\System32\PSAPI.DLL
0x00007fffd7ef0000 - 0x00007fffd7ef9000 	C:\WINDOWS\SYSTEM32\WSOCK32.dll
0x00007fffed280000 - 0x00007fffed2ef000 	C:\WINDOWS\System32\WS2_32.dll
0x00007fffe89b0000 - 0x00007fffe89d4000 	C:\WINDOWS\SYSTEM32\WINMM.dll
0x00007fffe8980000 - 0x00007fffe89ad000 	C:\WINDOWS\SYSTEM32\WINMMBASE.dll
0x00007fffec210000 - 0x00007fffec25a000 	C:\WINDOWS\System32\cfgmgr32.dll
0x00007fffeb4b0000 - 0x00007fffeb4c1000 	C:\WINDOWS\System32\kernel.appcore.dll
0x00007fffe0300000 - 0x00007fffe0311000 	C:\Program Files\Java\bin\verify.dll
0x00007fffd37c0000 - 0x00007fffd39b4000 	C:\WINDOWS\SYSTEM32\DBGHELP.DLL
0x00007fffcbb40000 - 0x00007fffcbb6a000 	C:\WINDOWS\SYSTEM32\dbgcore.DLL
0x00007fffe0210000 - 0x00007fffe0239000 	C:\Program Files\Java\bin\java.dll
0x00007fffe02e0000 - 0x00007fffe02f6000 	C:\Program Files\Java\bin\zip.dll
0x00007fffe6e60000 - 0x00007fffe6e6a000 	C:\Program Files\Java\bin\jimage.dll
0x00007fffedcd0000 - 0x00007fffee3b4000 	C:\WINDOWS\System32\SHELL32.dll
0x00007fffecf20000 - 0x00007fffecfc9000 	C:\WINDOWS\System32\shcore.dll
0x00007fffeb840000 - 0x00007fffebfbe000 	C:\WINDOWS\System32\windows.storage.dll
0x00007fffeb520000 - 0x00007fffeb543000 	C:\WINDOWS\System32\profapi.dll
0x00007fffeb4d0000 - 0x00007fffeb51a000 	C:\WINDOWS\System32\powrprof.dll
0x00007fffeb4a0000 - 0x00007fffeb4b0000 	C:\WINDOWS\System32\UMPDC.dll
0x00007fffed3c0000 - 0x00007fffed412000 	C:\WINDOWS\System32\shlwapi.dll
0x00007fffeb680000 - 0x00007fffeb697000 	C:\WINDOWS\System32\cryptsp.dll
0x00007fffe01f0000 - 0x00007fffe0209000 	C:\Program Files\Java\bin\net.dll
0x00007fffe2a90000 - 0x00007fffe2b80000 	C:\WINDOWS\SYSTEM32\WINHTTP.dll
0x00007fffeacb0000 - 0x00007fffead17000 	C:\WINDOWS\system32\mswsock.dll
0x00007fffd6180000 - 0x00007fffd6193000 	C:\Program Files\Java\bin\nio.dll
0x00007fffeaa00000 - 0x00007fffeaacb000 	C:\WINDOWS\SYSTEM32\DNSAPI.dll
0x00007fffed420000 - 0x00007fffed428000 	C:\WINDOWS\System32\NSI.dll
0x00007fffea9c0000 - 0x00007fffea9fa000 	C:\WINDOWS\SYSTEM32\IPHLPAPI.DLL
0x00007fffe07d0000 - 0x00007fffe07da000 	C:\Windows\System32\rasadhlp.dll
0x00007fffe6590000 - 0x00007fffe6607000 	C:\WINDOWS\System32\fwpuclnt.dll
0x00007fffec1e0000 - 0x00007fffec206000 	C:\WINDOWS\System32\bcrypt.dll
0x00007fffea820000 - 0x00007fffea853000 	C:\WINDOWS\system32\rsaenh.dll
0x00007fffeb390000 - 0x00007fffeb3b5000 	C:\WINDOWS\SYSTEM32\USERENV.dll
0x00007fffeae80000 - 0x00007fffeae8c000 	C:\WINDOWS\SYSTEM32\CRYPTBASE.dll
0x00007fffe6670000 - 0x00007fffe6686000 	C:\WINDOWS\SYSTEM32\dhcpcsvc6.DLL
0x00007fffe58b0000 - 0x00007fffe58cc000 	C:\WINDOWS\SYSTEM32\dhcpcsvc.DLL
0x00007fffe74d0000 - 0x00007fffe74dd000 	C:\Program Files\Java\bin\sunmscapi.dll
0x00007fffec540000 - 0x00007fffec689000 	C:\WINDOWS\System32\CRYPT32.dll
0x00007fffeb550000 - 0x00007fffeb562000 	C:\WINDOWS\System32\MSASN1.dll
0x00007fffeaf80000 - 0x00007fffeafa6000 	C:\WINDOWS\SYSTEM32\ncrypt.dll
0x00007fffeaf40000 - 0x00007fffeaf7b000 	C:\WINDOWS\SYSTEM32\NTASN1.dll
0x00007fffc5040000 - 0x00007fffc5067000 	C:\Program Files\Java\bin\sunec.dll

dbghelp: loaded successfully - version: 4.0.5 - missing functions: none
symbol engine: initialized successfully - sym options: 0x614 - pdb path: .;C:\Program Files\Java\bin;C:\WINDOWS\SYSTEM32;C:\WINDOWS\WinSxS\amd64_microsoft.windows.common-controls_6595b64144ccf1df_6.0.18362.836_none_e6c4b943130f18ed;C:\Program Files\Java\bin\server

VM Arguments:
jvm_args: -ea -Dfile.encoding=Cp1252 
java_command: org.testng.remote.RemoteTestNG -serport 63423 -protocol json -d C:\Users\Mohammod I Hossain\eclipse-workspace1\slack\test-output C:\Users\MOHAMM~1\AppData\Local\Temp\testng-eclipse-1159984634\testng-customsuite.xml
java_class_path (initial): C:\Users\Mohammod I Hossain\eclipse\java-2019-09\eclipse\configuration\org.eclipse.osgi\488\0\.cp\lib\testng-remote.jar;C:\Users\Mohammod I Hossain\eclipse-workspace1\slack\target\test-classes;C:\Users\Mohammod I Hossain\eclipse-workspace1\slack\target\classes;C:\Users\Mohammod I Hossain\.p2\pool\plugins\org.testng_7.0.0.r201908191551.jar;C:\Users\Mohammod I Hossain\.m2\repository\org\seleniumhq\selenium\selenium-java\2.53.0\selenium-java-2.53.0.jar;C:\Users\Mohammod I Hossain\.m2\repository\org\seleniumhq\selenium\selenium-chrome-driver\2.53.0\selenium-chrome-driver-2.53.0.jar;C:\Users\Mohammod I Hossain\.m2\repository\org\seleniumhq\selenium\selenium-remote-driver\2.53.0\selenium-remote-driver-2.53.0.jar;C:\Users\Mohammod I Hossain\.m2\repository\cglib\cglib-nodep\2.1_3\cglib-nodep-2.1_3.jar;C:\Users\Mohammod I Hossain\.m2\repository\com\google\code\gson\gson\2.3.1\gson-2.3.1.jar;C:\Users\Mohammod I Hossain\.m2\repository\org\seleniumhq\selenium\selenium-api\2.53.0\selenium-api-2.53.0.jar;C:\Users\Mohammod I Hossain\.m2\repository\org\apache\httpcomponents\httpclient\4.5.1\httpclient-4.5.1.jar;C:\Users\Mohammod I Hossain\.m2\repository\org\apache\httpcomponents\httpcore\4.4.3\httpcore-4.4.3.jar;C:\Users\Mohammod I Hossain\.m2\repository\commons-logging\commons-logging\1.2\commons-logging-1.2.jar;C:\Users\Mohammod I Hossain\.m2\repository\com\google\guava\guava\19.0\guava-19.0.jar;C:\Users\Mohammod I Hossain\.m2\repository\org\seleniumhq\selenium\selenium-edge-driver\2.53.0\selenium-edge-driver-2.53.0.jar;C:\Users\Mohammod I Hossain\.m2\repository\commons-io\commons-io\2.4\commons-io-2.4.jar;C:\Users\Mohammod I Hossain\.m2\repository\org\apache\commons\commons-exec\1.3\commons-exec-1.3.jar;C:\Users\Mohammod I Hossain\.m2\repository\org\seleniumhq\selenium\selenium-firefox-driver\2.53.0\selenium-firefox-driver-2.53.0.jar;C:\Users\Mohammod I Hossain\.m2\repository\org\seleniumhq\selenium\selenium-ie-driver\2.53.0\selenium-ie-driver-2.53.0
Launcher Type: SUN_STANDARD

[Global flags]
     intx CICompilerCount                          = 3                                         {product} {ergonomic}
     uint ConcGCThreads                            = 1                                         {product} {ergonomic}
     uint G1ConcRefinementThreads                  = 4                                         {product} {ergonomic}
   size_t G1HeapRegionSize                         = 1048576                                   {product} {ergonomic}
    uintx GCDrainStackTargetSize                   = 64                                        {product} {ergonomic}
   size_t InitialHeapSize                          = 134217728                                 {product} {ergonomic}
   size_t MarkStackSize                            = 4194304                                   {product} {ergonomic}
   size_t MaxHeapSize                              = 2122317824                                {product} {ergonomic}
   size_t MaxNewSize                               = 1272971264                                {product} {ergonomic}
   size_t MinHeapDeltaBytes                        = 1048576                                   {product} {ergonomic}
    uintx NonNMethodCodeHeapSize                   = 5830092                                {pd product} {ergonomic}
    uintx NonProfiledCodeHeapSize                  = 122914074                              {pd product} {ergonomic}
    uintx ProfiledCodeHeapSize                     = 122914074                              {pd product} {ergonomic}
    uintx ReservedCodeCacheSize                    = 251658240                              {pd product} {ergonomic}
     bool SegmentedCodeCache                       = true                                      {product} {ergonomic}
     bool UseCompressedClassPointers               = true                                 {lp64_product} {ergonomic}
     bool UseCompressedOops                        = true                                 {lp64_product} {ergonomic}
     bool UseG1GC                                  = true                                      {product} {ergonomic}
     bool UseLargePagesIndividualAllocation        = false                                  {pd product} {ergonomic}

Logging:
Log output configuration:
 #0: stdout all=warning uptime,level,tags
 #1: stderr all=off uptime,level,tags

Environment Variables:
PATH=C:/Program Files/Java/bin/server;C:/Program Files/Java/bin;C:\Program Files (x86)\Common Files\Oracle\Java\javapath;C:\ProgramData\Oracle\Java\javapath;C:\Program Files (x86)\Intel\iCLS Client\;C:\Program Files\Intel\iCLS Client\;C:\WINDOWS\system32;C:\WINDOWS;C:\WINDOWS\System32\Wbem;C:\WINDOWS\System32\WindowsPowerShell\v1.0\;C:\Program Files\Microsoft SQL Server\Client SDK\ODBC\110\Tools\Binn\;C:\Program Files (x86)\Microsoft SQL Server\120\Tools\Binn\;C:\Program Files\Microsoft SQL Server\120\Tools\Binn\;C:\Program Files\Microsoft SQL Server\120\DTS\Binn\;C:\Program Files (x86)\Microsoft SQL Server\120\Tools\Binn\ManagementStudio\;C:\Program Files (x86)\Microsoft SQL Server\120\DTS\Binn\;C:\Program Files (x86)\Intel\Intel(R) Management Engine Components\DAL;C:\Program Files\Intel\Intel(R) Management Engine Components\DAL;C:\Program Files (x86)\Intel\Intel(R) Management Engine Components\IPT;C:\Program Files\Intel\Intel(R) Management Engine Components\IPT;C:\WINDOWS\System32\OpenSSH\;C:\Program Files\SourceGear\Common\DiffMerge\;C:\Program Files\Java\bin;C:\Users\Mohammod I Hossain\AppData\Local\Microsoft\WindowsApps;;C:\Users\Mohammod I Hossain\Desktop;
USERNAME=Mohammod I Hossain
OS=Windows_NT
PROCESSOR_IDENTIFIER=Intel64 Family 6 Model 142 Stepping 9, GenuineIntel



---------------  S Y S T E M  ---------------

OS: Windows 10 , 64 bit Build 18362 (10.0.18362.778)

CPU:total 4 (initial active 4) (2 cores per cpu, 2 threads per core) family 6 model 142 stepping 9, cmov, cx8, fxsr, mmx, sse, sse2, sse3, ssse3, sse4.1, sse4.2, popcnt, avx, avx2, aes, clmul, erms, 3dnowpref, lzcnt, ht, tsc, tscinvbit, bmi1, bmi2, adx, fma

Memory: 4k page, system-wide physical 8090M (737M free)
TotalPageFile size 11904M (AvailPageFile size 118M)
current process WorkingSet (physical memory assigned to process): 104M, peak: 104M
current process commit charge ("private bytes"): 234M, peak: 234M

vm_info: Java HotSpot(TM) 64-Bit Server VM (11.0.1+13-LTS) for windows-amd64 JRE (11.0.1+13-LTS), built on Oct  6 2018 13:20:16 by "mach5one" with MS VC++ 15.5 (VS2017)

END.
