#
# There is insufficient memory for the Java Runtime Environment to continue.
# Native memory allocation (malloc) failed to allocate 32744 bytes for ChunkPool::allocate
# Possible reasons:
#   The system is out of physical RAM or swap space
#   The process is running with CompressedOops enabled, and the Java Heap may be blocking the growth of the native heap
# Possible solutions:
#   Reduce memory load on the system
#   Increase physical memory or swap space
#   Check if swap backing store is full
#   Decrease Java heap size (-Xmx/-Xms)
#   Decrease number of Java threads
#   Decrease Java thread stack sizes (-Xss)
#   Set larger code cache with -XX:ReservedCodeCacheSize=
#   JVM is running with Unscaled Compressed Oops mode in which the Java heap is
#     placed in the first 4GB address space. The Java Heap base address is the
#     maximum limit for the native heap growth. Please use -XX:HeapBaseMinAddress
#     to set the Java Heap base and to place the Java Heap above 4GB virtual address.
# This output file may be truncated or incomplete.
#
#  Out of Memory Error (t:/workspace/open/src/hotspot/share/memory/arena.cpp:81), pid=21356, tid=10780
#
# JRE version: Java(TM) SE Runtime Environment (11.0.1+13) (build 11.0.1+13-LTS)
# Java VM: Java HotSpot(TM) 64-Bit Server VM (11.0.1+13-LTS, mixed mode, tiered, compressed oops, g1 gc, windows-amd64)
# No core dump will be written. Minidumps are not enabled by default on client versions of Windows
#

---------------  S U M M A R Y ------------

Command Line: -ea -Dfile.encoding=Cp1252 org.testng.remote.RemoteTestNG -serport 65374 -protocol json -d C:\Users\Mohammod I Hossain\eclipse-workspace1\slack\test-output C:\Users\MOHAMM~1\AppData\Local\Temp\testng-eclipse-1196574053\testng-customsuite.xml

Host: Intel(R) Core(TM) i5-7200U CPU @ 2.50GHz, 4 cores, 7G,  Windows 10 , 64 bit Build 18362 (10.0.18362.778)
Time: Tue Jun  2 16:17:23 2020 Eastern Daylight Time elapsed time: 11 seconds (0d 0h 0m 11s)

---------------  T H R E A D  ---------------

Current thread (0x000001de2b681800):  JavaThread "C2 CompilerThread0" daemon [_thread_in_native, id=10780, stack(0x0000004949600000,0x0000004949700000)]


Current CompileTask:
C2:  11594 1649       4       java.net.URLStreamHandler::parseURL (1201 bytes)

Stack: [0x0000004949600000,0x0000004949700000]
Native frames: (J=compiled Java code, j=interpreted, Vv=VM code, C=native code)
V  [jvm.dll+0x63c21a]
V  [jvm.dll+0x7797df]
V  [jvm.dll+0x77adca]
V  [jvm.dll+0x77b483]
V  [jvm.dll+0x2627f8]
V  [jvm.dll+0xc5e9b]
V  [jvm.dll+0xc61fc]
V  [jvm.dll+0xc5d50]
V  [jvm.dll+0x7637a9]
V  [jvm.dll+0x763092]
V  [jvm.dll+0x544c6d]
V  [jvm.dll+0x5440a6]
V  [jvm.dll+0x54386f]
V  [jvm.dll+0x543883]
V  [jvm.dll+0x543883]
V  [jvm.dll+0x543883]
V  [jvm.dll+0x543883]
V  [jvm.dll+0x543883]
V  [jvm.dll+0x554827]
V  [jvm.dll+0x21e2b9]
V  [jvm.dll+0x21b846]
V  [jvm.dll+0x198390]
V  [jvm.dll+0x22a97f]
V  [jvm.dll+0x228f98]
V  [jvm.dll+0x73f03d]
V  [jvm.dll+0x63b2b2]
C  [ucrtbase.dll+0x20e82]
C  [KERNEL32.DLL+0x17bd4]
C  [ntdll.dll+0x6ce51]


---------------  P R O C E S S  ---------------

Threads class SMR info:
_java_thread_list=0x000001de2d384230, length=15, elements={
0x000001de0d2fa000, 0x000001de2b656000, 0x000001de2b65f000, 0x000001de2b66f000,
0x000001de2b673000, 0x000001de2b681800, 0x000001de2b683000, 0x000001de2b686800,
0x000001de2c141800, 0x000001de2c142000, 0x000001de2c9cd800, 0x000001de2d5a4000,
0x000001de2d4df800, 0x000001de2d490800, 0x000001de2cb7d000
}

Java Threads: ( => current thread )
  0x000001de0d2fa000 JavaThread "main" [_thread_in_vm, id=8612, stack(0x0000004948b00000,0x0000004948c00000)]
  0x000001de2b656000 JavaThread "Reference Handler" daemon [_thread_blocked, id=9704, stack(0x0000004949200000,0x0000004949300000)]
  0x000001de2b65f000 JavaThread "Finalizer" daemon [_thread_blocked, id=5628, stack(0x0000004949300000,0x0000004949400000)]
  0x000001de2b66f000 JavaThread "Signal Dispatcher" daemon [_thread_blocked, id=1936, stack(0x0000004949400000,0x0000004949500000)]
  0x000001de2b673000 JavaThread "Attach Listener" daemon [_thread_blocked, id=18376, stack(0x0000004949500000,0x0000004949600000)]
=>0x000001de2b681800 JavaThread "C2 CompilerThread0" daemon [_thread_in_native, id=10780, stack(0x0000004949600000,0x0000004949700000)]
  0x000001de2b683000 JavaThread "C1 CompilerThread0" daemon [_thread_in_vm, id=12200, stack(0x0000004949700000,0x0000004949800000)]
  0x000001de2b686800 JavaThread "Sweeper thread" daemon [_thread_blocked, id=22896, stack(0x0000004949800000,0x0000004949900000)]
  0x000001de2c141800 JavaThread "Service Thread" daemon [_thread_blocked, id=16696, stack(0x0000004949900000,0x0000004949a00000)]
  0x000001de2c142000 JavaThread "Common-Cleaner" daemon [_thread_blocked, id=116, stack(0x0000004949b00000,0x0000004949c00000)]
  0x000001de2c9cd800 JavaThread "ReaderThread" [_thread_in_native, id=7704, stack(0x0000004949d00000,0x0000004949e00000)]
  0x000001de2d5a4000 JavaThread "Exec Default Executor" daemon [_thread_in_native, id=22628, stack(0x000000494a200000,0x000000494a300000)]
  0x000001de2d4df800 JavaThread "UrlChecker-2" daemon [_thread_blocked, id=19796, stack(0x000000494a300000,0x000000494a400000)]
  0x000001de2d490800 JavaThread "Exec Stream Pumper" daemon [_thread_in_native, id=23488, stack(0x000000494a400000,0x000000494a500000)]
  0x000001de2cb7d000 JavaThread "Exec Stream Pumper" daemon [_thread_in_native, id=14696, stack(0x000000494a500000,0x000000494a600000)]

Other Threads:
  0x000001de2b631800 VMThread "VM Thread" [stack: 0x0000004949100000,0x0000004949200000] [id=8932]
  0x000001de2c145800 WatcherThread [stack: 0x0000004949a00000,0x0000004949b00000] [id=13208]
  0x000001de0d310000 GCTaskThread "GC Thread#0" [stack: 0x0000004948c00000,0x0000004948d00000] [id=11948]
  0x000001de2ca3f800 GCTaskThread "GC Thread#1" [stack: 0x0000004949e00000,0x0000004949f00000] [id=20000]
  0x000001de2ca3c800 GCTaskThread "GC Thread#2" [stack: 0x0000004949f00000,0x000000494a000000] [id=18956]
  0x000001de2ca3d800 GCTaskThread "GC Thread#3" [stack: 0x000000494a000000,0x000000494a100000] [id=19460]
  0x000001de0d341800 ConcurrentGCThread "G1 Main Marker" [stack: 0x0000004948d00000,0x0000004948e00000] [id=17880]
  0x000001de0d349000 ConcurrentGCThread "G1 Conc#0" [stack: 0x0000004948e00000,0x0000004948f00000] [id=15616]
  0x000001de0d3c9000 ConcurrentGCThread "G1 Refine#0" [stack: 0x0000004948f00000,0x0000004949000000] [id=11812]
  0x000001de2b4a0800 ConcurrentGCThread "G1 Young RemSet Sampling" [stack: 0x0000004949000000,0x0000004949100000] [id=13712]

Threads with active compile tasks:
C2 CompilerThread01649       4       java.net.URLStreamHandler::parseURL (1201 bytes)
C1 CompilerThread01737       3       com.sun.org.apache.xerces.internal.impl.XMLEntityScanner::peekChar (63 bytes)

VM state:not at safepoint (normal execution)

VM Mutex/Monitor currently owned by a thread: None

Heap address: 0x0000000081800000, size: 2024 MB, Compressed Oops mode: 32-bit
Narrow klass base: 0x0000000000000000, Narrow klass shift: 3
Compressed class space size: 1073741824 Address: 0x0000000100000000

Heap:
 garbage-first heap   total 131072K, used 14632K [0x0000000081800000, 0x0000000100000000)
  region size 1024K, 10 young (10240K), 3 survivors (3072K)
 Metaspace       used 23216K, capacity 23626K, committed 23856K, reserved 1071104K
  class space    used 2542K, capacity 2682K, committed 2688K, reserved 1048576K
Heap Regions: E=young(eden), S=young(survivor), O=old, HS=humongous(starts), HC=humongous(continues), CS=collection set, F=free, A=archive, TAMS=top-at-mark-start (previous, next)
|   0|0x0000000081800000, 0x0000000081900000, 0x0000000081900000|100%|HS|  |TAMS 0x0000000081900000, 0x0000000081800000| Complete 
|   1|0x0000000081900000, 0x0000000081a00000, 0x0000000081a00000|100%| O|  |TAMS 0x0000000081a00000, 0x0000000081900000| Untracked 
|   2|0x0000000081a00000, 0x0000000081b00000, 0x0000000081b00000|100%| O|  |TAMS 0x0000000081b00000, 0x0000000081a00000| Untracked 
|   3|0x0000000081b00000, 0x0000000081c00000, 0x0000000081c00000|100%| O|  |TAMS 0x0000000081c00000, 0x0000000081b00000| Untracked 
|   4|0x0000000081c00000, 0x0000000081d00000, 0x0000000081d00000|100%| O|  |TAMS 0x0000000081d00000, 0x0000000081c00000| Untracked 
|   5|0x0000000081d00000, 0x0000000081d4f800, 0x0000000081e00000| 31%| O|  |TAMS 0x0000000081d4f800, 0x0000000081d00000| Untracked 
|   6|0x0000000081e00000, 0x0000000081e00000, 0x0000000081f00000|  0%| F|  |TAMS 0x0000000081e00000, 0x0000000081e00000| Untracked 
|   7|0x0000000081f00000, 0x0000000081f00000, 0x0000000082000000|  0%| F|  |TAMS 0x0000000081f00000, 0x0000000081f00000| Untracked 
|   8|0x0000000082000000, 0x0000000082000000, 0x0000000082100000|  0%| F|  |TAMS 0x0000000082000000, 0x0000000082000000| Untracked 
|   9|0x0000000082100000, 0x0000000082100000, 0x0000000082200000|  0%| F|  |TAMS 0x0000000082100000, 0x0000000082100000| Untracked 
|  10|0x0000000082200000, 0x0000000082200000, 0x0000000082300000|  0%| F|  |TAMS 0x0000000082200000, 0x0000000082200000| Untracked 
|  11|0x0000000082300000, 0x0000000082300000, 0x0000000082400000|  0%| F|  |TAMS 0x0000000082300000, 0x0000000082300000| Untracked 
|  12|0x0000000082400000, 0x0000000082400000, 0x0000000082500000|  0%| F|  |TAMS 0x0000000082400000, 0x0000000082400000| Untracked 
|  13|0x0000000082500000, 0x0000000082500000, 0x0000000082600000|  0%| F|  |TAMS 0x0000000082500000, 0x0000000082500000| Untracked 
|  14|0x0000000082600000, 0x0000000082600000, 0x0000000082700000|  0%| F|  |TAMS 0x0000000082600000, 0x0000000082600000| Untracked 
|  15|0x0000000082700000, 0x0000000082700000, 0x0000000082800000|  0%| F|  |TAMS 0x0000000082700000, 0x0000000082700000| Untracked 
|  16|0x0000000082800000, 0x0000000082800000, 0x0000000082900000|  0%| F|  |TAMS 0x0000000082800000, 0x0000000082800000| Untracked 
|  17|0x0000000082900000, 0x0000000082900000, 0x0000000082a00000|  0%| F|  |TAMS 0x0000000082900000, 0x0000000082900000| Untracked 
|  18|0x0000000082a00000, 0x0000000082a00000, 0x0000000082b00000|  0%| F|  |TAMS 0x0000000082a00000, 0x0000000082a00000| Untracked 
|  19|0x0000000082b00000, 0x0000000082b00000, 0x0000000082c00000|  0%| F|  |TAMS 0x0000000082b00000, 0x0000000082b00000| Untracked 
|  20|0x0000000082c00000, 0x0000000082c00000, 0x0000000082d00000|  0%| F|  |TAMS 0x0000000082c00000, 0x0000000082c00000| Untracked 
|  21|0x0000000082d00000, 0x0000000082d00000, 0x0000000082e00000|  0%| F|  |TAMS 0x0000000082d00000, 0x0000000082d00000| Untracked 
|  22|0x0000000082e00000, 0x0000000082e00000, 0x0000000082f00000|  0%| F|  |TAMS 0x0000000082e00000, 0x0000000082e00000| Untracked 
|  23|0x0000000082f00000, 0x0000000082f00000, 0x0000000083000000|  0%| F|  |TAMS 0x0000000082f00000, 0x0000000082f00000| Untracked 
|  24|0x0000000083000000, 0x0000000083000000, 0x0000000083100000|  0%| F|  |TAMS 0x0000000083000000, 0x0000000083000000| Untracked 
|  25|0x0000000083100000, 0x0000000083100000, 0x0000000083200000|  0%| F|  |TAMS 0x0000000083100000, 0x0000000083100000| Untracked 
|  26|0x0000000083200000, 0x0000000083200000, 0x0000000083300000|  0%| F|  |TAMS 0x0000000083200000, 0x0000000083200000| Untracked 
|  27|0x0000000083300000, 0x0000000083300000, 0x0000000083400000|  0%| F|  |TAMS 0x0000000083300000, 0x0000000083300000| Untracked 
|  28|0x0000000083400000, 0x0000000083400000, 0x0000000083500000|  0%| F|  |TAMS 0x0000000083400000, 0x0000000083400000| Untracked 
|  29|0x0000000083500000, 0x0000000083500000, 0x0000000083600000|  0%| F|  |TAMS 0x0000000083500000, 0x0000000083500000| Untracked 
|  30|0x0000000083600000, 0x0000000083600000, 0x0000000083700000|  0%| F|  |TAMS 0x0000000083600000, 0x0000000083600000| Untracked 
|  31|0x0000000083700000, 0x0000000083700000, 0x0000000083800000|  0%| F|  |TAMS 0x0000000083700000, 0x0000000083700000| Untracked 
|  32|0x0000000083800000, 0x0000000083800000, 0x0000000083900000|  0%| F|  |TAMS 0x0000000083800000, 0x0000000083800000| Untracked 
|  33|0x0000000083900000, 0x0000000083900000, 0x0000000083a00000|  0%| F|  |TAMS 0x0000000083900000, 0x0000000083900000| Untracked 
|  34|0x0000000083a00000, 0x0000000083a00000, 0x0000000083b00000|  0%| F|  |TAMS 0x0000000083a00000, 0x0000000083a00000| Untracked 
|  35|0x0000000083b00000, 0x0000000083b00000, 0x0000000083c00000|  0%| F|  |TAMS 0x0000000083b00000, 0x0000000083b00000| Untracked 
|  36|0x0000000083c00000, 0x0000000083c00000, 0x0000000083d00000|  0%| F|  |TAMS 0x0000000083c00000, 0x0000000083c00000| Untracked 
|  37|0x0000000083d00000, 0x0000000083d00000, 0x0000000083e00000|  0%| F|  |TAMS 0x0000000083d00000, 0x0000000083d00000| Untracked 
|  38|0x0000000083e00000, 0x0000000083e00000, 0x0000000083f00000|  0%| F|  |TAMS 0x0000000083e00000, 0x0000000083e00000| Untracked 
|  39|0x0000000083f00000, 0x0000000083f00000, 0x0000000084000000|  0%| F|  |TAMS 0x0000000083f00000, 0x0000000083f00000| Untracked 
|  40|0x0000000084000000, 0x0000000084000000, 0x0000000084100000|  0%| F|  |TAMS 0x0000000084000000, 0x0000000084000000| Untracked 
|  41|0x0000000084100000, 0x0000000084100000, 0x0000000084200000|  0%| F|  |TAMS 0x0000000084100000, 0x0000000084100000| Untracked 
|  42|0x0000000084200000, 0x0000000084200000, 0x0000000084300000|  0%| F|  |TAMS 0x0000000084200000, 0x0000000084200000| Untracked 
|  43|0x0000000084300000, 0x0000000084300000, 0x0000000084400000|  0%| F|  |TAMS 0x0000000084300000, 0x0000000084300000| Untracked 
|  44|0x0000000084400000, 0x0000000084400000, 0x0000000084500000|  0%| F|  |TAMS 0x0000000084400000, 0x0000000084400000| Untracked 
|  45|0x0000000084500000, 0x0000000084500000, 0x0000000084600000|  0%| F|  |TAMS 0x0000000084500000, 0x0000000084500000| Untracked 
|  46|0x0000000084600000, 0x0000000084600000, 0x0000000084700000|  0%| F|  |TAMS 0x0000000084600000, 0x0000000084600000| Untracked 
|  47|0x0000000084700000, 0x0000000084700000, 0x0000000084800000|  0%| F|  |TAMS 0x0000000084700000, 0x0000000084700000| Untracked 
|  48|0x0000000084800000, 0x0000000084800000, 0x0000000084900000|  0%| F|  |TAMS 0x0000000084800000, 0x0000000084800000| Untracked 
|  49|0x0000000084900000, 0x0000000084900000, 0x0000000084a00000|  0%| F|  |TAMS 0x0000000084900000, 0x0000000084900000| Untracked 
|  50|0x0000000084a00000, 0x0000000084a00000, 0x0000000084b00000|  0%| F|  |TAMS 0x0000000084a00000, 0x0000000084a00000| Untracked 
|  51|0x0000000084b00000, 0x0000000084b00000, 0x0000000084c00000|  0%| F|  |TAMS 0x0000000084b00000, 0x0000000084b00000| Untracked 
|  52|0x0000000084c00000, 0x0000000084c00000, 0x0000000084d00000|  0%| F|  |TAMS 0x0000000084c00000, 0x0000000084c00000| Untracked 
|  53|0x0000000084d00000, 0x0000000084d00000, 0x0000000084e00000|  0%| F|  |TAMS 0x0000000084d00000, 0x0000000084d00000| Untracked 
|  54|0x0000000084e00000, 0x0000000084e00000, 0x0000000084f00000|  0%| F|  |TAMS 0x0000000084e00000, 0x0000000084e00000| Untracked 
|  55|0x0000000084f00000, 0x0000000084f00000, 0x0000000085000000|  0%| F|  |TAMS 0x0000000084f00000, 0x0000000084f00000| Untracked 
|  56|0x0000000085000000, 0x0000000085000000, 0x0000000085100000|  0%| F|  |TAMS 0x0000000085000000, 0x0000000085000000| Untracked 
|  57|0x0000000085100000, 0x0000000085100000, 0x0000000085200000|  0%| F|  |TAMS 0x0000000085100000, 0x0000000085100000| Untracked 
|  58|0x0000000085200000, 0x0000000085200000, 0x0000000085300000|  0%| F|  |TAMS 0x0000000085200000, 0x0000000085200000| Untracked 
|  59|0x0000000085300000, 0x0000000085300000, 0x0000000085400000|  0%| F|  |TAMS 0x0000000085300000, 0x0000000085300000| Untracked 
|  60|0x0000000085400000, 0x0000000085400000, 0x0000000085500000|  0%| F|  |TAMS 0x0000000085400000, 0x0000000085400000| Untracked 
|  61|0x0000000085500000, 0x0000000085500000, 0x0000000085600000|  0%| F|  |TAMS 0x0000000085500000, 0x0000000085500000| Untracked 
|  62|0x0000000085600000, 0x0000000085600000, 0x0000000085700000|  0%| F|  |TAMS 0x0000000085600000, 0x0000000085600000| Untracked 
|  63|0x0000000085700000, 0x0000000085700000, 0x0000000085800000|  0%| F|  |TAMS 0x0000000085700000, 0x0000000085700000| Untracked 
|  64|0x0000000085800000, 0x0000000085800000, 0x0000000085900000|  0%| F|  |TAMS 0x0000000085800000, 0x0000000085800000| Untracked 
|  65|0x0000000085900000, 0x0000000085900000, 0x0000000085a00000|  0%| F|  |TAMS 0x0000000085900000, 0x0000000085900000| Untracked 
|  66|0x0000000085a00000, 0x0000000085a00000, 0x0000000085b00000|  0%| F|  |TAMS 0x0000000085a00000, 0x0000000085a00000| Untracked 
|  67|0x0000000085b00000, 0x0000000085b00000, 0x0000000085c00000|  0%| F|  |TAMS 0x0000000085b00000, 0x0000000085b00000| Untracked 
|  68|0x0000000085c00000, 0x0000000085c00000, 0x0000000085d00000|  0%| F|  |TAMS 0x0000000085c00000, 0x0000000085c00000| Untracked 
|  69|0x0000000085d00000, 0x0000000085d00000, 0x0000000085e00000|  0%| F|  |TAMS 0x0000000085d00000, 0x0000000085d00000| Untracked 
|  70|0x0000000085e00000, 0x0000000085e00000, 0x0000000085f00000|  0%| F|  |TAMS 0x0000000085e00000, 0x0000000085e00000| Untracked 
|  71|0x0000000085f00000, 0x0000000085f00000, 0x0000000086000000|  0%| F|  |TAMS 0x0000000085f00000, 0x0000000085f00000| Untracked 
|  72|0x0000000086000000, 0x0000000086000000, 0x0000000086100000|  0%| F|  |TAMS 0x0000000086000000, 0x0000000086000000| Untracked 
|  73|0x0000000086100000, 0x0000000086100000, 0x0000000086200000|  0%| F|  |TAMS 0x0000000086100000, 0x0000000086100000| Untracked 
|  74|0x0000000086200000, 0x0000000086200000, 0x0000000086300000|  0%| F|  |TAMS 0x0000000086200000, 0x0000000086200000| Untracked 
|  75|0x0000000086300000, 0x0000000086300000, 0x0000000086400000|  0%| F|  |TAMS 0x0000000086300000, 0x0000000086300000| Untracked 
|  76|0x0000000086400000, 0x0000000086400000, 0x0000000086500000|  0%| F|  |TAMS 0x0000000086400000, 0x0000000086400000| Untracked 
|  77|0x0000000086500000, 0x0000000086500000, 0x0000000086600000|  0%| F|  |TAMS 0x0000000086500000, 0x0000000086500000| Untracked 
|  78|0x0000000086600000, 0x0000000086600000, 0x0000000086700000|  0%| F|  |TAMS 0x0000000086600000, 0x0000000086600000| Untracked 
|  79|0x0000000086700000, 0x0000000086700000, 0x0000000086800000|  0%| F|  |TAMS 0x0000000086700000, 0x0000000086700000| Untracked 
|  80|0x0000000086800000, 0x0000000086800000, 0x0000000086900000|  0%| F|  |TAMS 0x0000000086800000, 0x0000000086800000| Untracked 
|  81|0x0000000086900000, 0x0000000086900000, 0x0000000086a00000|  0%| F|  |TAMS 0x0000000086900000, 0x0000000086900000| Untracked 
|  82|0x0000000086a00000, 0x0000000086a00000, 0x0000000086b00000|  0%| F|  |TAMS 0x0000000086a00000, 0x0000000086a00000| Untracked 
|  83|0x0000000086b00000, 0x0000000086b00000, 0x0000000086c00000|  0%| F|  |TAMS 0x0000000086b00000, 0x0000000086b00000| Untracked 
|  84|0x0000000086c00000, 0x0000000086c00000, 0x0000000086d00000|  0%| F|  |TAMS 0x0000000086c00000, 0x0000000086c00000| Untracked 
|  85|0x0000000086d00000, 0x0000000086d00000, 0x0000000086e00000|  0%| F|  |TAMS 0x0000000086d00000, 0x0000000086d00000| Untracked 
|  86|0x0000000086e00000, 0x0000000086e00000, 0x0000000086f00000|  0%| F|  |TAMS 0x0000000086e00000, 0x0000000086e00000| Untracked 
|  87|0x0000000086f00000, 0x0000000086f00000, 0x0000000087000000|  0%| F|  |TAMS 0x0000000086f00000, 0x0000000086f00000| Untracked 
|  88|0x0000000087000000, 0x0000000087000000, 0x0000000087100000|  0%| F|  |TAMS 0x0000000087000000, 0x0000000087000000| Untracked 
|  89|0x0000000087100000, 0x0000000087100000, 0x0000000087200000|  0%| F|  |TAMS 0x0000000087100000, 0x0000000087100000| Untracked 
|  90|0x0000000087200000, 0x0000000087200000, 0x0000000087300000|  0%| F|  |TAMS 0x0000000087200000, 0x0000000087200000| Untracked 
|  91|0x0000000087300000, 0x0000000087300000, 0x0000000087400000|  0%| F|  |TAMS 0x0000000087300000, 0x0000000087300000| Untracked 
|  92|0x0000000087400000, 0x0000000087400000, 0x0000000087500000|  0%| F|  |TAMS 0x0000000087400000, 0x0000000087400000| Untracked 
|  93|0x0000000087500000, 0x0000000087500000, 0x0000000087600000|  0%| F|  |TAMS 0x0000000087500000, 0x0000000087500000| Untracked 
|  94|0x0000000087600000, 0x0000000087600000, 0x0000000087700000|  0%| F|  |TAMS 0x0000000087600000, 0x0000000087600000| Untracked 
|  95|0x0000000087700000, 0x0000000087700000, 0x0000000087800000|  0%| F|  |TAMS 0x0000000087700000, 0x0000000087700000| Untracked 
|  96|0x0000000087800000, 0x0000000087800000, 0x0000000087900000|  0%| F|  |TAMS 0x0000000087800000, 0x0000000087800000| Untracked 
|  97|0x0000000087900000, 0x0000000087900000, 0x0000000087a00000|  0%| F|  |TAMS 0x0000000087900000, 0x0000000087900000| Untracked 
|  98|0x0000000087a00000, 0x0000000087a00000, 0x0000000087b00000|  0%| F|  |TAMS 0x0000000087a00000, 0x0000000087a00000| Untracked 
|  99|0x0000000087b00000, 0x0000000087b00000, 0x0000000087c00000|  0%| F|  |TAMS 0x0000000087b00000, 0x0000000087b00000| Untracked 
| 100|0x0000000087c00000, 0x0000000087c00000, 0x0000000087d00000|  0%| F|  |TAMS 0x0000000087c00000, 0x0000000087c00000| Untracked 
| 101|0x0000000087d00000, 0x0000000087d00000, 0x0000000087e00000|  0%| F|  |TAMS 0x0000000087d00000, 0x0000000087d00000| Untracked 
| 102|0x0000000087e00000, 0x0000000087e00000, 0x0000000087f00000|  0%| F|  |TAMS 0x0000000087e00000, 0x0000000087e00000| Untracked 
| 103|0x0000000087f00000, 0x0000000087ffa8c0, 0x0000000088000000| 97%| S|CS|TAMS 0x0000000087f00000, 0x0000000087f00000| Complete 
| 104|0x0000000088000000, 0x0000000088100000, 0x0000000088100000|100%| S|CS|TAMS 0x0000000088000000, 0x0000000088000000| Complete 
| 105|0x0000000088100000, 0x0000000088200000, 0x0000000088200000|100%| S|CS|TAMS 0x0000000088100000, 0x0000000088100000| Complete 
| 106|0x0000000088200000, 0x0000000088200000, 0x0000000088300000|  0%| F|  |TAMS 0x0000000088200000, 0x0000000088200000| Untracked 
| 107|0x0000000088300000, 0x0000000088300000, 0x0000000088400000|  0%| F|  |TAMS 0x0000000088300000, 0x0000000088300000| Untracked 
| 108|0x0000000088400000, 0x0000000088400000, 0x0000000088500000|  0%| F|  |TAMS 0x0000000088400000, 0x0000000088400000| Untracked 
| 109|0x0000000088500000, 0x0000000088500000, 0x0000000088600000|  0%| F|  |TAMS 0x0000000088500000, 0x0000000088500000| Untracked 
| 110|0x0000000088600000, 0x0000000088600000, 0x0000000088700000|  0%| F|  |TAMS 0x0000000088600000, 0x0000000088600000| Untracked 
| 111|0x0000000088700000, 0x0000000088700000, 0x0000000088800000|  0%| F|  |TAMS 0x0000000088700000, 0x0000000088700000| Untracked 
| 112|0x0000000088800000, 0x0000000088800000, 0x0000000088900000|  0%| F|  |TAMS 0x0000000088800000, 0x0000000088800000| Untracked 
| 113|0x0000000088900000, 0x0000000088900000, 0x0000000088a00000|  0%| F|  |TAMS 0x0000000088900000, 0x0000000088900000| Untracked 
| 114|0x0000000088a00000, 0x0000000088a00000, 0x0000000088b00000|  0%| F|  |TAMS 0x0000000088a00000, 0x0000000088a00000| Untracked 
| 115|0x0000000088b00000, 0x0000000088b00000, 0x0000000088c00000|  0%| F|  |TAMS 0x0000000088b00000, 0x0000000088b00000| Untracked 
| 116|0x0000000088c00000, 0x0000000088c00000, 0x0000000088d00000|  0%| F|  |TAMS 0x0000000088c00000, 0x0000000088c00000| Untracked 
| 117|0x0000000088d00000, 0x0000000088d00000, 0x0000000088e00000|  0%| F|  |TAMS 0x0000000088d00000, 0x0000000088d00000| Untracked 
| 118|0x0000000088e00000, 0x0000000088e00000, 0x0000000088f00000|  0%| F|  |TAMS 0x0000000088e00000, 0x0000000088e00000| Untracked 
| 119|0x0000000088f00000, 0x0000000088f00000, 0x0000000089000000|  0%| F|  |TAMS 0x0000000088f00000, 0x0000000088f00000| Untracked 
| 120|0x0000000089000000, 0x0000000089000000, 0x0000000089100000|  0%| F|  |TAMS 0x0000000089000000, 0x0000000089000000| Untracked 
| 121|0x0000000089100000, 0x0000000089180800, 0x0000000089200000| 50%| E|  |TAMS 0x0000000089100000, 0x0000000089100000| Complete 
| 122|0x0000000089200000, 0x0000000089300000, 0x0000000089300000|100%| E|CS|TAMS 0x0000000089200000, 0x0000000089200000| Complete 
| 123|0x0000000089300000, 0x0000000089400000, 0x0000000089400000|100%| E|CS|TAMS 0x0000000089300000, 0x0000000089300000| Complete 
| 124|0x0000000089400000, 0x0000000089500000, 0x0000000089500000|100%| E|CS|TAMS 0x0000000089400000, 0x0000000089400000| Complete 
| 125|0x0000000089500000, 0x0000000089600000, 0x0000000089600000|100%| E|CS|TAMS 0x0000000089500000, 0x0000000089500000| Complete 
| 126|0x0000000089600000, 0x0000000089700000, 0x0000000089700000|100%| E|CS|TAMS 0x0000000089600000, 0x0000000089600000| Complete 
| 127|0x0000000089700000, 0x0000000089800000, 0x0000000089800000|100%| E|CS|TAMS 0x0000000089700000, 0x0000000089700000| Complete 

Card table byte_map: [0x000001de24a20000,0x000001de24e20000] _byte_map_base: 0x000001de24614000

Marking Bits (Prev, Next): (CMBitMap*) 0x000001de0d338ff0, (CMBitMap*) 0x000001de0d338fb8
 Prev Bits: [0x000001de271c0000, 0x000001de29160000)
 Next Bits: [0x000001de25220000, 0x000001de271c0000)

Polling page: 0x000001de0b490000

Metaspace:

Usage:
  Non-class:     20.45 MB capacity,    20.20 MB ( 99%) used,   219.09 KB (  1%) free+waste,    37.94 KB ( <1%) overhead. 
      Class:      2.62 MB capacity,     2.48 MB ( 95%) used,   122.56 KB (  5%) free+waste,    17.00 KB ( <1%) overhead. 
       Both:     23.07 MB capacity,    22.68 MB ( 98%) used,   341.65 KB (  1%) free+waste,    54.94 KB ( <1%) overhead. 

Virtual space:
  Non-class space:       22.00 MB reserved,      20.67 MB ( 94%) committed 
      Class space:        1.00 GB reserved,       2.63 MB ( <1%) committed 
             Both:        1.02 GB reserved,      23.30 MB (  2%) committed 

Chunk freelists:
   Non-Class:  4.00 KB
       Class:  768 bytes
        Both:  4.75 KB

CodeHeap 'non-profiled nmethods': size=120064Kb used=602Kb max_used=602Kb free=119461Kb
 bounds [0x000001de1d0e0000, 0x000001de1d350000, 0x000001de24620000]
CodeHeap 'profiled nmethods': size=120000Kb used=3423Kb max_used=3423Kb free=116577Kb
 bounds [0x000001de15bb0000, 0x000001de15f10000, 0x000001de1d0e0000]
CodeHeap 'non-nmethods': size=5696Kb used=1140Kb max_used=1152Kb free=4555Kb
 bounds [0x000001de15620000, 0x000001de15890000, 0x000001de15bb0000]
 total_blobs=2574 nmethods=1735 adapters=377
 compilation: enabled
              stopped_count=0, restarted_count=0
 full_count=0

Compilation events (10 events):
Event: 11.571 Thread 0x000001de2b683000 1663       3       java.math.BigInteger::trustedStripLeadingZeroInts (37 bytes)
Event: 11.571 Thread 0x000001de2b683000 nmethod 1663 0x000001de15ecb210 code [0x000001de15ecb3e0, 0x000001de15ecb6b0]
Event: 11.571 Thread 0x000001de2b683000 1661       3       java.lang.Character::codePointAt (51 bytes)
Event: 11.572 Thread 0x000001de2b683000 nmethod 1661 0x000001de15ecb790 code [0x000001de15ecb9a0, 0x000001de15ecc050]
Event: 11.572 Thread 0x000001de2b683000 1662       3       java.lang.Character::isHighSurrogate (18 bytes)
Event: 11.572 Thread 0x000001de2b683000 nmethod 1662 0x000001de15ecc210 code [0x000001de15ecc3c0, 0x000001de15ecc598]
Event: 11.572 Thread 0x000001de2b683000 1665       3       java.lang.Character::getType (9 bytes)
Event: 11.572 Thread 0x000001de2b683000 nmethod 1665 0x000001de15ecc610 code [0x000001de15ecc7e0, 0x000001de15ecca20]
Event: 11.572 Thread 0x000001de2b683000 1666       1       com.sun.org.apache.xerces.internal.dom.ParentNode::ownerDocument (5 bytes)
Event: 11.572 Thread 0x000001de2b683000 nmethod 1666 0x000001de1d175290 code [0x000001de1d175440, 0x000001de1d175558]

GC Heap History (6 events):
Event: 1.024 GC heap before
{Heap before GC invocations=0 (full 0):
 garbage-first heap   total 131072K, used 14336K [0x0000000081800000, 0x0000000100000000)
  region size 1024K, 14 young (14336K), 0 survivors (0K)
 Metaspace       used 12236K, capacity 12518K, committed 12672K, reserved 1060864K
  class space    used 1199K, capacity 1281K, committed 1408K, reserved 1048576K
}
Event: 1.032 GC heap after
{Heap after GC invocations=1 (full 0):
 garbage-first heap   total 131072K, used 5401K [0x0000000081800000, 0x0000000100000000)
  region size 1024K, 2 young (2048K), 2 survivors (2048K)
 Metaspace       used 12236K, capacity 12518K, committed 12672K, reserved 1060864K
  class space    used 1199K, capacity 1281K, committed 1408K, reserved 1048576K
}
Event: 1.330 GC heap before
{Heap before GC invocations=1 (full 0):
 garbage-first heap   total 131072K, used 14617K [0x0000000081800000, 0x0000000100000000)
  region size 1024K, 11 young (11264K), 2 survivors (2048K)
 Metaspace       used 14965K, capacity 15228K, committed 15360K, reserved 1062912K
  class space    used 1576K, capacity 1700K, committed 1792K, reserved 1048576K
}
Event: 1.334 GC heap after
{Heap after GC invocations=2 (full 0):
 garbage-first heap   total 131072K, used 6045K [0x0000000081800000, 0x0000000100000000)
  region size 1024K, 1 young (1024K), 1 survivors (1024K)
 Metaspace       used 14965K, capacity 15228K, committed 15360K, reserved 1062912K
  class space    used 1576K, capacity 1700K, committed 1792K, reserved 1048576K
}
Event: 10.523 GC heap before
{Heap before GC invocations=2 (full 0):
 garbage-first heap   total 131072K, used 26525K [0x0000000081800000, 0x0000000100000000)
  region size 1024K, 22 young (22528K), 1 survivors (1024K)
 Metaspace       used 20772K, capacity 21150K, committed 21296K, reserved 1069056K
  class space    used 2296K, capacity 2412K, committed 2432K, reserved 1048576K
}
Event: 10.531 GC heap after
{Heap after GC invocations=3 (full 0):
 garbage-first heap   total 131072K, used 8488K [0x0000000081800000, 0x0000000100000000)
  region size 1024K, 3 young (3072K), 3 survivors (3072K)
 Metaspace       used 20772K, capacity 21150K, committed 21296K, reserved 1069056K
  class space    used 2296K, capacity 2412K, committed 2432K, reserved 1048576K
}

Deoptimization events (10 events):
Event: 1.409 Thread 0x000001de0d2fa000 Uncommon trap: reason=bimorphic_or_optimized_type_check action=maybe_recompile pc=0x000001de1d131e20 method=java.util.HashMap.putVal(ILjava/lang/Object;Ljava/lang/Object;ZZ)Ljava/lang/Object; @ 91 c2
Event: 1.409 Thread 0x000001de0d2fa000 Uncommon trap: reason=bimorphic_or_optimized_type_check action=maybe_recompile pc=0x000001de1d131e20 method=java.util.HashMap.putVal(ILjava/lang/Object;Ljava/lang/Object;ZZ)Ljava/lang/Object; @ 91 c2
Event: 1.472 Thread 0x000001de0d2fa000 Uncommon trap: reason=unstable_if action=reinterpret pc=0x000001de1d118330 method=java.lang.StringUTF16.compress([CI[BII)I @ 20 c2
Event: 1.472 Thread 0x000001de0d2fa000 Uncommon trap: reason=unstable_if action=reinterpret pc=0x000001de1d102764 method=java.lang.String.startsWith(Ljava/lang/String;I)Z @ 46 c2
Event: 1.477 Thread 0x000001de0d2fa000 Uncommon trap: reason=unstable_if action=reinterpret pc=0x000001de1d1455b4 method=java.lang.String.startsWith(Ljava/lang/String;I)Z @ 46 c2
Event: 1.487 Thread 0x000001de0d2fa000 Uncommon trap: reason=unstable_if action=reinterpret pc=0x000001de1d105500 method=java.lang.String.hashCode()I @ 22 c2
Event: 1.638 Thread 0x000001de0d2fa000 Uncommon trap: reason=unstable_if action=reinterpret pc=0x000001de1d12a038 method=java.lang.String.replace(CC)Ljava/lang/String; @ 2 c2
Event: 2.290 Thread 0x000001de0d2fa000 Uncommon trap: reason=unstable_if action=reinterpret pc=0x000001de1d1549e0 method=java.util.regex.Pattern$BmpCharProperty.match(Ljava/util/regex/Matcher;ILjava/lang/CharSequence;)Z @ 39 c2
Event: 2.328 Thread 0x000001de0d2fa000 Uncommon trap: reason=unstable_if action=reinterpret pc=0x000001de1d14eb90 method=java.util.concurrent.ConcurrentHashMap.putVal(Ljava/lang/Object;Ljava/lang/Object;Z)Ljava/lang/Object; @ 231 c2
Event: 11.556 Thread 0x000001de0d2fa000 Uncommon trap: reason=unstable_if action=reinterpret pc=0x000001de1d1449cc method=java.io.ByteArrayInputStream.read([BII)I @ 35 c2

Classes redefined (0 events):
No events

Internal exceptions (10 events):
Event: 1.655 Thread 0x000001de2d5a4000 Exception <a 'java/lang/NoSuchMethodError'{0x0000000088a99e28}: java.lang.invoke.DirectMethodHandle$Holder.invokeStatic(Ljava/lang/Object;J)V> (0x0000000088a99e28) thrown at [t:/workspace/open/src/hotspot/share/interpreter/linkResolver.cpp, line 772]
Event: 1.656 Thread 0x000001de2d5a4000 Exception <a 'java/lang/NoSuchMethodError'{0x0000000088a9ed88}: java.lang.invoke.DirectMethodHandle$Holder.invokeStatic(Ljava/lang/Object;J)Ljava/lang/Object;> (0x0000000088a9ed88) thrown at [t:/workspace/open/src/hotspot/share/interpreter/linkResolver.cp
Event: 1.659 Thread 0x000001de2d5a4000 Exception <a 'java/lang/NoSuchMethodError'{0x0000000088aacee0}: java.lang.invoke.DirectMethodHandle$Holder.invokeStaticInit(Ljava/lang/Object;Ljava/lang/Object;JLjava/lang/Object;)Ljava/lang/Object;> (0x0000000088aacee0) thrown at [t:/workspace/open/src/h
Event: 1.660 Thread 0x000001de2d5a4000 Exception <a 'java/lang/NoSuchMethodError'{0x0000000088ab2b20}: java.lang.invoke.DirectMethodHandle$Holder.invokeStatic(Ljava/lang/Object;Ljava/lang/Object;J)Ljava/lang/Object;> (0x0000000088ab2b20) thrown at [t:/workspace/open/src/hotspot/share/interpret
Event: 1.661 Thread 0x000001de2d5a4000 Exception <a 'java/lang/NoSuchMethodError'{0x0000000088ae7190}: java.lang.invoke.Invokers$Holder.linkToTargetMethod(Ljava/lang/Object;JLjava/lang/Object;)Ljava/lang/Object;> (0x0000000088ae7190) thrown at [t:/workspace/open/src/hotspot/share/interpreter/l
Event: 2.168 Thread 0x000001de2d4df800 Exception <a 'java/net/SocketTimeoutException'{0x0000000088ac5f40}: connect timed out> (0x0000000088ac5f40) thrown at [t:/workspace/open/src/hotspot/share/prims/jni.cpp, line 636]
Event: 5.625 Thread 0x000001de0d2fa000 Exception <a 'java/net/SocketTimeoutException'{0x00000000883832d0}: Read timed out> (0x00000000883832d0) thrown at [t:/workspace/open/src/hotspot/share/prims/jni.cpp, line 636]
Event: 7.785 Thread 0x000001de0d2fa000 Exception <a 'java/net/SocketTimeoutException'{0x00000000883a3b60}: Read timed out> (0x00000000883a3b60) thrown at [t:/workspace/open/src/hotspot/share/prims/jni.cpp, line 636]
Event: 10.123 Thread 0x000001de0d2fa000 Exception <a 'java/net/SocketTimeoutException'{0x00000000883b2c40}: Read timed out> (0x00000000883b2c40) thrown at [t:/workspace/open/src/hotspot/share/prims/jni.cpp, line 636]
Event: 11.529 Thread 0x000001de0d2fa000 Exception <a 'java/lang/NoSuchMethodError'{0x000000008920b1d8}: java.lang.invoke.DirectMethodHandle$Holder.invokeStaticInit(Ljava/lang/Object;Ljava/lang/Object;Ljava/lang/Object;)Ljava/lang/Object;> (0x000000008920b1d8) thrown at [t:/workspace/open/src/ho

Events (10 events):
Event: 11.564 loading class org/apache/poi/openxml4j/opc/ZipPackage$EntryTriple done
Event: 11.565 loading class org/apache/commons/compress/archivers/zip/ZipArchiveEntry
Event: 11.565 loading class org/apache/commons/compress/archivers/zip/ZipArchiveEntry done
Event: 11.565 loading class org/apache/poi/openxml4j/opc/ZipPackage
Event: 11.565 loading class org/apache/poi/openxml4j/opc/ZipPackage done
Event: 11.565 loading class org/apache/poi/openxml4j/opc/ZipPackage$EntryTriple
Event: 11.565 loading class org/apache/poi/openxml4j/opc/ZipPackage$EntryTriple done
Event: 11.565 loading class org/apache/poi/openxml4j/opc/ZipPackage$EntryTriple
Event: 11.565 loading class org/apache/poi/openxml4j/opc/ZipPackage$EntryTriple done
Event: 11.566 loading class java/util/stream/SortedOps


Dynamic libraries:
0x00007ff707ca0000 - 0x00007ff707ce7000 	C:\Program Files\Java\bin\javaw.exe
0x00007fffee5e0000 - 0x00007fffee7d0000 	C:\WINDOWS\SYSTEM32\ntdll.dll
0x00007fffec7f0000 - 0x00007fffec8a2000 	C:\WINDOWS\System32\KERNEL32.DLL
0x00007fffec260000 - 0x00007fffec504000 	C:\WINDOWS\System32\KERNELBASE.dll
0x00007fffedb60000 - 0x00007fffedc03000 	C:\WINDOWS\System32\ADVAPI32.dll
0x00007fffed130000 - 0x00007fffed1ce000 	C:\WINDOWS\System32\msvcrt.dll
0x00007fffeccd0000 - 0x00007fffecd67000 	C:\WINDOWS\System32\sechost.dll
0x00007fffed430000 - 0x00007fffed550000 	C:\WINDOWS\System32\RPCRT4.dll
0x00007fffed9c0000 - 0x00007fffedb54000 	C:\WINDOWS\System32\USER32.dll
0x00007fffec510000 - 0x00007fffec531000 	C:\WINDOWS\System32\win32u.dll
0x00007fffed250000 - 0x00007fffed276000 	C:\WINDOWS\System32\GDI32.dll
0x00007fffeb6a0000 - 0x00007fffeb834000 	C:\WINDOWS\System32\gdi32full.dll
0x00007fffec140000 - 0x00007fffec1de000 	C:\WINDOWS\System32\msvcp_win.dll
0x00007fffebfc0000 - 0x00007fffec0ba000 	C:\WINDOWS\System32\ucrtbase.dll
0x00007fffe3170000 - 0x00007fffe33f4000 	C:\WINDOWS\WinSxS\amd64_microsoft.windows.common-controls_6595b64144ccf1df_6.0.18362.836_none_e6c4b943130f18ed\COMCTL32.dll
0x00007fffec990000 - 0x00007fffeccc6000 	C:\WINDOWS\System32\combase.dll
0x00007fffe2310000 - 0x00007fffe231a000 	C:\WINDOWS\SYSTEM32\VERSION.dll
0x00007fffec0c0000 - 0x00007fffec140000 	C:\WINDOWS\System32\bcryptPrimitives.dll
0x00007fffee3c0000 - 0x00007fffee3ee000 	C:\WINDOWS\System32\IMM32.DLL
0x00007fffe7210000 - 0x00007fffe7226000 	C:\Program Files\Java\bin\vcruntime140.dll
0x00007fffc8800000 - 0x00007fffc88aa000 	C:\Program Files\Java\bin\msvcp140.dll
0x00007fffa0b10000 - 0x00007fffa1652000 	C:\Program Files\Java\bin\server\jvm.dll
0x00007fffec980000 - 0x00007fffec988000 	C:\WINDOWS\System32\PSAPI.DLL
0x00007fffe89b0000 - 0x00007fffe89d4000 	C:\WINDOWS\SYSTEM32\WINMM.dll
0x00007fffd7ef0000 - 0x00007fffd7ef9000 	C:\WINDOWS\SYSTEM32\WSOCK32.dll
0x00007fffed280000 - 0x00007fffed2ef000 	C:\WINDOWS\System32\WS2_32.dll
0x00007fffe8980000 - 0x00007fffe89ad000 	C:\WINDOWS\SYSTEM32\winmmbase.dll
0x00007fffec210000 - 0x00007fffec25a000 	C:\WINDOWS\System32\cfgmgr32.dll
0x00007fffeb4b0000 - 0x00007fffeb4c1000 	C:\WINDOWS\System32\kernel.appcore.dll
0x00007fffe0300000 - 0x00007fffe0311000 	C:\Program Files\Java\bin\verify.dll
0x00007fffd37c0000 - 0x00007fffd39b4000 	C:\WINDOWS\SYSTEM32\DBGHELP.DLL
0x00007fffcbb40000 - 0x00007fffcbb6a000 	C:\WINDOWS\SYSTEM32\dbgcore.DLL
0x00007fffe0210000 - 0x00007fffe0239000 	C:\Program Files\Java\bin\java.dll
0x00007fffe02e0000 - 0x00007fffe02f6000 	C:\Program Files\Java\bin\zip.dll
0x00007fffe6e60000 - 0x00007fffe6e6a000 	C:\Program Files\Java\bin\jimage.dll
0x00007fffedcd0000 - 0x00007fffee3b4000 	C:\WINDOWS\System32\SHELL32.dll
0x00007fffecf20000 - 0x00007fffecfc9000 	C:\WINDOWS\System32\shcore.dll
0x00007fffeb840000 - 0x00007fffebfbe000 	C:\WINDOWS\System32\windows.storage.dll
0x00007fffeb520000 - 0x00007fffeb543000 	C:\WINDOWS\System32\profapi.dll
0x00007fffeb4d0000 - 0x00007fffeb51a000 	C:\WINDOWS\System32\powrprof.dll
0x00007fffeb4a0000 - 0x00007fffeb4b0000 	C:\WINDOWS\System32\UMPDC.dll
0x00007fffed3c0000 - 0x00007fffed412000 	C:\WINDOWS\System32\shlwapi.dll
0x00007fffeb680000 - 0x00007fffeb697000 	C:\WINDOWS\System32\cryptsp.dll
0x00007fffe01f0000 - 0x00007fffe0209000 	C:\Program Files\Java\bin\net.dll
0x00007fffe2a90000 - 0x00007fffe2b80000 	C:\WINDOWS\SYSTEM32\WINHTTP.dll
0x00007fffeacb0000 - 0x00007fffead17000 	C:\WINDOWS\system32\mswsock.dll
0x00007fffd6180000 - 0x00007fffd6193000 	C:\Program Files\Java\bin\nio.dll
0x00007fffeaa00000 - 0x00007fffeaacb000 	C:\WINDOWS\SYSTEM32\DNSAPI.dll
0x00007fffed420000 - 0x00007fffed428000 	C:\WINDOWS\System32\NSI.dll
0x00007fffea9c0000 - 0x00007fffea9fa000 	C:\WINDOWS\SYSTEM32\IPHLPAPI.DLL
0x00007fffe07d0000 - 0x00007fffe07da000 	C:\Windows\System32\rasadhlp.dll
0x00007fffe6590000 - 0x00007fffe6607000 	C:\WINDOWS\System32\fwpuclnt.dll
0x00007fffec1e0000 - 0x00007fffec206000 	C:\WINDOWS\System32\bcrypt.dll
0x00007fffea820000 - 0x00007fffea853000 	C:\WINDOWS\system32\rsaenh.dll
0x00007fffeb390000 - 0x00007fffeb3b5000 	C:\WINDOWS\SYSTEM32\USERENV.dll
0x00007fffeae80000 - 0x00007fffeae8c000 	C:\WINDOWS\SYSTEM32\CRYPTBASE.dll
0x00007fffe6670000 - 0x00007fffe6686000 	C:\WINDOWS\SYSTEM32\dhcpcsvc6.DLL
0x00007fffe58b0000 - 0x00007fffe58cc000 	C:\WINDOWS\SYSTEM32\dhcpcsvc.DLL
0x00007fffc5040000 - 0x00007fffc5067000 	C:\Program Files\Java\bin\sunec.dll

dbghelp: loaded successfully - version: 4.0.5 - missing functions: none
symbol engine: initialized successfully - sym options: 0x614 - pdb path: .;C:\Program Files\Java\bin;C:\WINDOWS\SYSTEM32;C:\WINDOWS\WinSxS\amd64_microsoft.windows.common-controls_6595b64144ccf1df_6.0.18362.836_none_e6c4b943130f18ed;C:\Program Files\Java\bin\server

VM Arguments:
jvm_args: -ea -Dfile.encoding=Cp1252 
java_command: org.testng.remote.RemoteTestNG -serport 65374 -protocol json -d C:\Users\Mohammod I Hossain\eclipse-workspace1\slack\test-output C:\Users\MOHAMM~1\AppData\Local\Temp\testng-eclipse-1196574053\testng-customsuite.xml
java_class_path (initial): C:\Users\Mohammod I Hossain\eclipse\java-2019-09\eclipse\configuration\org.eclipse.osgi\488\0\.cp\lib\testng-remote.jar;C:\Users\Mohammod I Hossain\eclipse-workspace1\slack\target\test-classes;C:\Users\Mohammod I Hossain\eclipse-workspace1\slack\target\classes;C:\Users\Mohammod I Hossain\.p2\pool\plugins\org.testng_7.0.0.r201908191551.jar;C:\Users\Mohammod I Hossain\.m2\repository\org\seleniumhq\selenium\selenium-java\2.53.0\selenium-java-2.53.0.jar;C:\Users\Mohammod I Hossain\.m2\repository\org\seleniumhq\selenium\selenium-chrome-driver\2.53.0\selenium-chrome-driver-2.53.0.jar;C:\Users\Mohammod I Hossain\.m2\repository\org\seleniumhq\selenium\selenium-remote-driver\2.53.0\selenium-remote-driver-2.53.0.jar;C:\Users\Mohammod I Hossain\.m2\repository\cglib\cglib-nodep\2.1_3\cglib-nodep-2.1_3.jar;C:\Users\Mohammod I Hossain\.m2\repository\com\google\code\gson\gson\2.3.1\gson-2.3.1.jar;C:\Users\Mohammod I Hossain\.m2\repository\org\seleniumhq\selenium\selenium-api\2.53.0\selenium-api-2.53.0.jar;C:\Users\Mohammod I Hossain\.m2\repository\org\apache\httpcomponents\httpclient\4.5.1\httpclient-4.5.1.jar;C:\Users\Mohammod I Hossain\.m2\repository\org\apache\httpcomponents\httpcore\4.4.3\httpcore-4.4.3.jar;C:\Users\Mohammod I Hossain\.m2\repository\commons-logging\commons-logging\1.2\commons-logging-1.2.jar;C:\Users\Mohammod I Hossain\.m2\repository\com\google\guava\guava\19.0\guava-19.0.jar;C:\Users\Mohammod I Hossain\.m2\repository\org\seleniumhq\selenium\selenium-edge-driver\2.53.0\selenium-edge-driver-2.53.0.jar;C:\Users\Mohammod I Hossain\.m2\repository\commons-io\commons-io\2.4\commons-io-2.4.jar;C:\Users\Mohammod I Hossain\.m2\repository\org\apache\commons\commons-exec\1.3\commons-exec-1.3.jar;C:\Users\Mohammod I Hossain\.m2\repository\org\seleniumhq\selenium\selenium-firefox-driver\2.53.0\selenium-firefox-driver-2.53.0.jar;C:\Users\Mohammod I Hossain\.m2\repository\org\seleniumhq\selenium\selenium-ie-driver\2.53.0\selenium-ie-driver-2.53.0
Launcher Type: SUN_STANDARD

[Global flags]
     intx CICompilerCount                          = 3                                         {product} {ergonomic}
     uint ConcGCThreads                            = 1                                         {product} {ergonomic}
     uint G1ConcRefinementThreads                  = 4                                         {product} {ergonomic}
   size_t G1HeapRegionSize                         = 1048576                                   {product} {ergonomic}
    uintx GCDrainStackTargetSize                   = 64                                        {product} {ergonomic}
   size_t InitialHeapSize                          = 134217728                                 {product} {ergonomic}
   size_t MarkStackSize                            = 4194304                                   {product} {ergonomic}
   size_t MaxHeapSize                              = 2122317824                                {product} {ergonomic}
   size_t MaxNewSize                               = 1272971264                                {product} {ergonomic}
   size_t MinHeapDeltaBytes                        = 1048576                                   {product} {ergonomic}
    uintx NonNMethodCodeHeapSize                   = 5830092                                {pd product} {ergonomic}
    uintx NonProfiledCodeHeapSize                  = 122914074                              {pd product} {ergonomic}
    uintx ProfiledCodeHeapSize                     = 122914074                              {pd product} {ergonomic}
    uintx ReservedCodeCacheSize                    = 251658240                              {pd product} {ergonomic}
     bool SegmentedCodeCache                       = true                                      {product} {ergonomic}
     bool UseCompressedClassPointers               = true                                 {lp64_product} {ergonomic}
     bool UseCompressedOops                        = true                                 {lp64_product} {ergonomic}
     bool UseG1GC                                  = true                                      {product} {ergonomic}
     bool UseLargePagesIndividualAllocation        = false                                  {pd product} {ergonomic}

Logging:
Log output configuration:
 #0: stdout all=warning uptime,level,tags
 #1: stderr all=off uptime,level,tags

Environment Variables:
PATH=C:/Program Files/Java/bin/server;C:/Program Files/Java/bin;C:\Program Files (x86)\Common Files\Oracle\Java\javapath;C:\ProgramData\Oracle\Java\javapath;C:\Program Files (x86)\Intel\iCLS Client\;C:\Program Files\Intel\iCLS Client\;C:\WINDOWS\system32;C:\WINDOWS;C:\WINDOWS\System32\Wbem;C:\WINDOWS\System32\WindowsPowerShell\v1.0\;C:\Program Files\Microsoft SQL Server\Client SDK\ODBC\110\Tools\Binn\;C:\Program Files (x86)\Microsoft SQL Server\120\Tools\Binn\;C:\Program Files\Microsoft SQL Server\120\Tools\Binn\;C:\Program Files\Microsoft SQL Server\120\DTS\Binn\;C:\Program Files (x86)\Microsoft SQL Server\120\Tools\Binn\ManagementStudio\;C:\Program Files (x86)\Microsoft SQL Server\120\DTS\Binn\;C:\Program Files (x86)\Intel\Intel(R) Management Engine Components\DAL;C:\Program Files\Intel\Intel(R) Management Engine Components\DAL;C:\Program Files (x86)\Intel\Intel(R) Management Engine Components\IPT;C:\Program Files\Intel\Intel(R) Management Engine Components\IPT;C:\WINDOWS\System32\OpenSSH\;C:\Program Files\SourceGear\Common\DiffMerge\;C:\Program Files\Java\bin;C:\Users\Mohammod I Hossain\AppData\Local\Microsoft\WindowsApps;;C:\Users\Mohammod I Hossain\Desktop;
USERNAME=Mohammod I Hossain
OS=Windows_NT
PROCESSOR_IDENTIFIER=Intel64 Family 6 Model 142 Stepping 9, GenuineIntel



---------------  S Y S T E M  ---------------

OS: Windows 10 , 64 bit Build 18362 (10.0.18362.778)

CPU:total 4 (initial active 4) (2 cores per cpu, 2 threads per core) family 6 model 142 stepping 9, cmov, cx8, fxsr, mmx, sse, sse2, sse3, ssse3, sse4.1, sse4.2, popcnt, avx, avx2, aes, clmul, erms, 3dnowpref, lzcnt, ht, tsc, tscinvbit, bmi1, bmi2, adx, fma

Memory: 4k page, system-wide physical 8090M (757M free)
TotalPageFile size 11904M (AvailPageFile size 3M)
current process WorkingSet (physical memory assigned to process): 100M, peak: 100M
current process commit charge ("private bytes"): 230M, peak: 230M

vm_info: Java HotSpot(TM) 64-Bit Server VM (11.0.1+13-LTS) for windows-amd64 JRE (11.0.1+13-LTS), built on Oct  6 2018 13:20:16 by "mach5one" with MS VC++ 15.5 (VS2017)

END.
